2018-08-07 11:27:10 [main] INFO  o.o.u.service.VESAdapterInitializer - Retrieving data from DB
2018-08-07 11:27:10 [main] INFO  o.o.u.service.VESAdapterInitializer - DB Initialization Completed...2
2018-08-07 11:27:10 [main] INFO  o.o.u.service.VESAdapterInitializer - USERDOMAIN_ROAMINGPROFILE:TECHMAHINDRA
2018-08-07 11:27:10 [main] INFO  o.o.u.service.VESAdapterInitializer - LOCALAPPDATA:C:\Users\AS00500801\AppData\Local
2018-08-07 11:27:10 [main] INFO  o.o.u.service.VESAdapterInitializer - PROCESSOR_LEVEL:6
2018-08-07 11:27:10 [main] INFO  o.o.u.service.VESAdapterInitializer - USERDOMAIN:TECHMAHINDRA
2018-08-07 11:27:10 [main] INFO  o.o.u.service.VESAdapterInitializer - FPS_BROWSER_APP_PROFILE_STRING:Internet Explorer
2018-08-07 11:27:10 [main] INFO  o.o.u.service.VESAdapterInitializer - LOGONSERVER:\\INPUSCSVDC003
2018-08-07 11:27:10 [main] INFO  o.o.u.service.VESAdapterInitializer - JAVA_HOME:C:\Program Files\Java\jdk1.8.0_171
2018-08-07 11:27:10 [main] INFO  o.o.u.service.VESAdapterInitializer - SESSIONNAME:Console
2018-08-07 11:27:10 [main] INFO  o.o.u.service.VESAdapterInitializer - ALLUSERSPROFILE:C:\ProgramData
2018-08-07 11:27:10 [main] INFO  o.o.u.service.VESAdapterInitializer - PROCESSOR_ARCHITECTURE:AMD64
2018-08-07 11:27:10 [main] INFO  o.o.u.service.VESAdapterInitializer - PSModulePath:C:\Program Files\WindowsPowerShell\Modules;C:\WINDOWS\system32\WindowsPowerShell\v1.0\Modules
2018-08-07 11:27:10 [main] INFO  o.o.u.service.VESAdapterInitializer - SystemDrive:C:
2018-08-07 11:27:10 [main] INFO  o.o.u.service.VESAdapterInitializer - DEFLOGDIR:C:\ProgramData\McAfee\Endpoint Security\Logs
2018-08-07 11:27:10 [main] INFO  o.o.u.service.VESAdapterInitializer - MAVEN_HOME:D:\SW\apache-maven-3.3.9
2018-08-07 11:27:10 [main] INFO  o.o.u.service.VESAdapterInitializer - OneDrive:C:\Users\AS00500801\OneDrive
2018-08-07 11:27:10 [main] INFO  o.o.u.service.VESAdapterInitializer - =C::C:\
2018-08-07 11:27:10 [main] INFO  o.o.u.service.VESAdapterInitializer - APPDATA:C:\Users\AS00500801\AppData\Roaming
2018-08-07 11:27:10 [main] INFO  o.o.u.service.VESAdapterInitializer - USERNAME:AS00500801
2018-08-07 11:27:10 [main] INFO  o.o.u.service.VESAdapterInitializer - USERDNSDOMAIN:TECHMAHINDRA.COM
2018-08-07 11:27:10 [main] INFO  o.o.u.service.VESAdapterInitializer - ProgramFiles(x86):C:\Program Files (x86)
2018-08-07 11:27:10 [main] INFO  o.o.u.service.VESAdapterInitializer - VBOX_MSI_INSTALL_PATH:C:\Program Files\Oracle\VirtualBox\
2018-08-07 11:27:10 [main] INFO  o.o.u.service.VESAdapterInitializer - CommonProgramFiles:C:\Program Files\Common Files
2018-08-07 11:27:10 [main] INFO  o.o.u.service.VESAdapterInitializer - Path:C:/Program Files/Java/jre1.8.0_171/bin/server;C:/Program Files/Java/jre1.8.0_171/bin;C:/Program Files/Java/jre1.8.0_171/lib/amd64;C:\Program Files (x86)\Common Files\Oracle\Java\javapath;C:\WINDOWS\system32;C:\WINDOWS;C:\WINDOWS\System32\Wbem;C:\WINDOWS\System32\WindowsPowerShell\v1.0\;C:\WINDOWS\CCM;C:\Program Files\PuTTY\;C:\Program Files\Java\jdk1.8.0_171\bin;D:\SW\apache-maven-3.3.9\bin;D:\SW\SW_In_Installation\Git\cmd;C:\Users\AS00500801\AppData\Local\Microsoft\WindowsApps;;D:\SW\STS\sts-bundle\sts-3.9.3.RELEASE;
2018-08-07 11:27:10 [main] INFO  o.o.u.service.VESAdapterInitializer - FPS_BROWSER_USER_PROFILE_STRING:Default
2018-08-07 11:27:10 [main] INFO  o.o.u.service.VESAdapterInitializer - PATHEXT:.COM;.EXE;.BAT;.CMD;.VBS;.VBE;.JS;.JSE;.WSF;.WSH;.MSC
2018-08-07 11:27:10 [main] INFO  o.o.u.service.VESAdapterInitializer - NEXTHINK:C:\Program Files\Nexthink
2018-08-07 11:27:10 [main] INFO  o.o.u.service.VESAdapterInitializer - OS:Windows_NT
2018-08-07 11:27:10 [main] INFO  o.o.u.service.VESAdapterInitializer - COMPUTERNAME:INPUSCPC07276
2018-08-07 11:27:10 [main] INFO  o.o.u.service.VESAdapterInitializer - PROCESSOR_REVISION:5e03
2018-08-07 11:27:10 [main] INFO  o.o.u.service.VESAdapterInitializer - CommonProgramW6432:C:\Program Files\Common Files
2018-08-07 11:27:10 [main] INFO  o.o.u.service.VESAdapterInitializer - ComSpec:C:\WINDOWS\system32\cmd.exe
2018-08-07 11:27:10 [main] INFO  o.o.u.service.VESAdapterInitializer - UATDATA:C:\WINDOWS\CCM\UATData\D9F8C395-CAB8-491d-B8AC-179A1FE1BE77
2018-08-07 11:27:10 [main] INFO  o.o.u.service.VESAdapterInitializer - ProgramData:C:\ProgramData
2018-08-07 11:27:10 [main] INFO  o.o.u.service.VESAdapterInitializer - ProgramW6432:C:\Program Files
2018-08-07 11:27:10 [main] INFO  o.o.u.service.VESAdapterInitializer - HOMEPATH:\Users\AS00500801
2018-08-07 11:27:10 [main] INFO  o.o.u.service.VESAdapterInitializer - SystemRoot:C:\WINDOWS
2018-08-07 11:27:10 [main] INFO  o.o.u.service.VESAdapterInitializer - TEMP:C:\Users\AS0050~1\AppData\Local\Temp
2018-08-07 11:27:10 [main] INFO  o.o.u.service.VESAdapterInitializer - HOMEDRIVE:C:
2018-08-07 11:27:10 [main] INFO  o.o.u.service.VESAdapterInitializer - PROCESSOR_IDENTIFIER:Intel64 Family 6 Model 94 Stepping 3, GenuineIntel
2018-08-07 11:27:10 [main] INFO  o.o.u.service.VESAdapterInitializer - USERPROFILE:C:\Users\AS00500801
2018-08-07 11:27:10 [main] INFO  o.o.u.service.VESAdapterInitializer - TMP:C:\Users\AS0050~1\AppData\Local\Temp
2018-08-07 11:27:10 [main] INFO  o.o.u.service.VESAdapterInitializer - M2_HOME:D:\SW\apache-maven-3.3.9
2018-08-07 11:27:10 [main] INFO  o.o.u.service.VESAdapterInitializer - CommonProgramFiles(x86):C:\Program Files (x86)\Common Files
2018-08-07 11:27:10 [main] INFO  o.o.u.service.VESAdapterInitializer - ProgramFiles:C:\Program Files
2018-08-07 11:27:10 [main] INFO  o.o.u.service.VESAdapterInitializer - PUBLIC:C:\Users\Public
2018-08-07 11:27:10 [main] INFO  o.o.u.service.VESAdapterInitializer - NUMBER_OF_PROCESSORS:4
2018-08-07 11:27:10 [main] INFO  o.o.u.service.VESAdapterInitializer - windir:C:\WINDOWS
2018-08-07 11:27:10 [main] INFO  o.o.u.service.VESAdapterInitializer - =:::::\
2018-08-07 11:27:10 [main] INFO  o.o.u.service.VESAdapterInitializer - >>>Static configuration to be used
2018-08-07 11:27:11 [main] INFO  o.o.u.utils.SmooksUtils - Transforming incoming json 
2018-08-07 11:27:11 [main] INFO  o.o.u.utils.SmooksUtils - Context created
2018-08-07 11:27:12 [main] DEBUG o.o.u.utils.SmooksUtils - consversion successful to VES Event
2018-08-07 12:14:49 [main] ERROR o.o.u.service.VESAdapterInitializer - Error occured due to :The connection attempt failed.
2018-08-07 12:14:49 [main] INFO  o.o.u.service.VESAdapterInitializer - USERDOMAIN_ROAMINGPROFILE:TECHMAHINDRA
2018-08-07 12:14:49 [main] INFO  o.o.u.service.VESAdapterInitializer - LOCALAPPDATA:C:\Users\AS00500801\AppData\Local
2018-08-07 12:14:49 [main] INFO  o.o.u.service.VESAdapterInitializer - PROCESSOR_LEVEL:6
2018-08-07 12:14:49 [main] INFO  o.o.u.service.VESAdapterInitializer - USERDOMAIN:TECHMAHINDRA
2018-08-07 12:14:49 [main] INFO  o.o.u.service.VESAdapterInitializer - FPS_BROWSER_APP_PROFILE_STRING:Internet Explorer
2018-08-07 12:14:49 [main] INFO  o.o.u.service.VESAdapterInitializer - LOGONSERVER:\\INPUSCSVDC003
2018-08-07 12:14:49 [main] INFO  o.o.u.service.VESAdapterInitializer - JAVA_HOME:C:\Program Files\Java\jdk1.8.0_171
2018-08-07 12:14:49 [main] INFO  o.o.u.service.VESAdapterInitializer - SESSIONNAME:Console
2018-08-07 12:14:49 [main] INFO  o.o.u.service.VESAdapterInitializer - ALLUSERSPROFILE:C:\ProgramData
2018-08-07 12:14:49 [main] INFO  o.o.u.service.VESAdapterInitializer - PROCESSOR_ARCHITECTURE:AMD64
2018-08-07 12:14:49 [main] INFO  o.o.u.service.VESAdapterInitializer - PSModulePath:C:\Program Files\WindowsPowerShell\Modules;C:\WINDOWS\system32\WindowsPowerShell\v1.0\Modules
2018-08-07 12:14:49 [main] INFO  o.o.u.service.VESAdapterInitializer - SystemDrive:C:
2018-08-07 12:14:49 [main] INFO  o.o.u.service.VESAdapterInitializer - DEFLOGDIR:C:\ProgramData\McAfee\Endpoint Security\Logs
2018-08-07 12:14:49 [main] INFO  o.o.u.service.VESAdapterInitializer - MAVEN_HOME:D:\SW\apache-maven-3.3.9
2018-08-07 12:14:49 [main] INFO  o.o.u.service.VESAdapterInitializer - OneDrive:C:\Users\AS00500801\OneDrive
2018-08-07 12:14:49 [main] INFO  o.o.u.service.VESAdapterInitializer - =C::C:\
2018-08-07 12:14:49 [main] INFO  o.o.u.service.VESAdapterInitializer - APPDATA:C:\Users\AS00500801\AppData\Roaming
2018-08-07 12:14:49 [main] INFO  o.o.u.service.VESAdapterInitializer - USERNAME:AS00500801
2018-08-07 12:14:49 [main] INFO  o.o.u.service.VESAdapterInitializer - USERDNSDOMAIN:TECHMAHINDRA.COM
2018-08-07 12:14:49 [main] INFO  o.o.u.service.VESAdapterInitializer - ProgramFiles(x86):C:\Program Files (x86)
2018-08-07 12:14:49 [main] INFO  o.o.u.service.VESAdapterInitializer - VBOX_MSI_INSTALL_PATH:C:\Program Files\Oracle\VirtualBox\
2018-08-07 12:14:49 [main] INFO  o.o.u.service.VESAdapterInitializer - CommonProgramFiles:C:\Program Files\Common Files
2018-08-07 12:14:49 [main] INFO  o.o.u.service.VESAdapterInitializer - Path:C:/Program Files/Java/jre1.8.0_171/bin/server;C:/Program Files/Java/jre1.8.0_171/bin;C:/Program Files/Java/jre1.8.0_171/lib/amd64;C:\Program Files (x86)\Common Files\Oracle\Java\javapath;C:\WINDOWS\system32;C:\WINDOWS;C:\WINDOWS\System32\Wbem;C:\WINDOWS\System32\WindowsPowerShell\v1.0\;C:\WINDOWS\CCM;C:\Program Files\PuTTY\;C:\Program Files\Java\jdk1.8.0_171\bin;D:\SW\apache-maven-3.3.9\bin;D:\SW\SW_In_Installation\Git\cmd;C:\Users\AS00500801\AppData\Local\Microsoft\WindowsApps;;D:\SW\STS\sts-bundle\sts-3.9.3.RELEASE;
2018-08-07 12:14:49 [main] INFO  o.o.u.service.VESAdapterInitializer - FPS_BROWSER_USER_PROFILE_STRING:Default
2018-08-07 12:14:49 [main] INFO  o.o.u.service.VESAdapterInitializer - PATHEXT:.COM;.EXE;.BAT;.CMD;.VBS;.VBE;.JS;.JSE;.WSF;.WSH;.MSC
2018-08-07 12:14:49 [main] INFO  o.o.u.service.VESAdapterInitializer - NEXTHINK:C:\Program Files\Nexthink
2018-08-07 12:14:49 [main] INFO  o.o.u.service.VESAdapterInitializer - OS:Windows_NT
2018-08-07 12:14:49 [main] INFO  o.o.u.service.VESAdapterInitializer - COMPUTERNAME:INPUSCPC07276
2018-08-07 12:14:49 [main] INFO  o.o.u.service.VESAdapterInitializer - PROCESSOR_REVISION:5e03
2018-08-07 12:14:49 [main] INFO  o.o.u.service.VESAdapterInitializer - CommonProgramW6432:C:\Program Files\Common Files
2018-08-07 12:14:49 [main] INFO  o.o.u.service.VESAdapterInitializer - ComSpec:C:\WINDOWS\system32\cmd.exe
2018-08-07 12:14:49 [main] INFO  o.o.u.service.VESAdapterInitializer - UATDATA:C:\WINDOWS\CCM\UATData\D9F8C395-CAB8-491d-B8AC-179A1FE1BE77
2018-08-07 12:14:49 [main] INFO  o.o.u.service.VESAdapterInitializer - ProgramData:C:\ProgramData
2018-08-07 12:14:49 [main] INFO  o.o.u.service.VESAdapterInitializer - ProgramW6432:C:\Program Files
2018-08-07 12:14:49 [main] INFO  o.o.u.service.VESAdapterInitializer - HOMEPATH:\Users\AS00500801
2018-08-07 12:14:49 [main] INFO  o.o.u.service.VESAdapterInitializer - SystemRoot:C:\WINDOWS
2018-08-07 12:14:49 [main] INFO  o.o.u.service.VESAdapterInitializer - TEMP:C:\Users\AS0050~1\AppData\Local\Temp
2018-08-07 12:14:49 [main] INFO  o.o.u.service.VESAdapterInitializer - HOMEDRIVE:C:
2018-08-07 12:14:49 [main] INFO  o.o.u.service.VESAdapterInitializer - PROCESSOR_IDENTIFIER:Intel64 Family 6 Model 94 Stepping 3, GenuineIntel
2018-08-07 12:14:49 [main] INFO  o.o.u.service.VESAdapterInitializer - USERPROFILE:C:\Users\AS00500801
2018-08-07 12:14:49 [main] INFO  o.o.u.service.VESAdapterInitializer - TMP:C:\Users\AS0050~1\AppData\Local\Temp
2018-08-07 12:14:49 [main] INFO  o.o.u.service.VESAdapterInitializer - M2_HOME:D:\SW\apache-maven-3.3.9
2018-08-07 12:14:49 [main] INFO  o.o.u.service.VESAdapterInitializer - CommonProgramFiles(x86):C:\Program Files (x86)\Common Files
2018-08-07 12:14:49 [main] INFO  o.o.u.service.VESAdapterInitializer - ProgramFiles:C:\Program Files
2018-08-07 12:14:49 [main] INFO  o.o.u.service.VESAdapterInitializer - PUBLIC:C:\Users\Public
2018-08-07 12:14:49 [main] INFO  o.o.u.service.VESAdapterInitializer - NUMBER_OF_PROCESSORS:4
2018-08-07 12:14:49 [main] INFO  o.o.u.service.VESAdapterInitializer - windir:C:\WINDOWS
2018-08-07 12:14:49 [main] INFO  o.o.u.service.VESAdapterInitializer - =:::::\
2018-08-07 12:14:49 [main] INFO  o.o.u.service.VESAdapterInitializer - >>>Static configuration to be used
2018-08-07 12:14:51 [main] INFO  o.o.u.utils.SmooksUtils - Transforming incoming json 
2018-08-07 12:14:51 [main] INFO  o.o.u.utils.SmooksUtils - Context created
2018-08-07 12:14:51 [main] DEBUG o.o.u.utils.SmooksUtils - consversion successful to VES Event
2018-08-07 12:16:09 [main] ERROR o.o.u.service.VESAdapterInitializer - Error occured due to :The connection attempt failed.
2018-08-07 12:16:09 [main] INFO  o.o.u.service.VESAdapterInitializer - PATH:C:\Program Files\Java\jdk1.8.0_171\jre\bin;C:/Program Files/Java/jre1.8.0_171/bin/server;C:/Program Files/Java/jre1.8.0_171/bin;C:/Program Files/Java/jre1.8.0_171/lib/amd64;C:\Program Files (x86)\Common Files\Oracle\Java\javapath;C:\WINDOWS\system32;C:\WINDOWS;C:\WINDOWS\System32\Wbem;C:\WINDOWS\System32\WindowsPowerShell\v1.0\;C:\WINDOWS\CCM;C:\Program Files\PuTTY\;C:\Program Files\Java\jdk1.8.0_171\bin;D:\SW\apache-maven-3.3.9\bin;D:\SW\SW_In_Installation\Git\cmd;C:\Users\AS00500801\AppData\Local\Microsoft\WindowsApps;;D:\SW\STS\sts-bundle\sts-3.9.3.RELEASE;
2018-08-07 12:16:09 [main] INFO  o.o.u.service.VESAdapterInitializer - USERDOMAIN_ROAMINGPROFILE:TECHMAHINDRA
2018-08-07 12:16:09 [main] INFO  o.o.u.service.VESAdapterInitializer - LOCALAPPDATA:C:\Users\AS00500801\AppData\Local
2018-08-07 12:16:09 [main] INFO  o.o.u.service.VESAdapterInitializer - PROCESSOR_LEVEL:6
2018-08-07 12:16:09 [main] INFO  o.o.u.service.VESAdapterInitializer - SYSTEMDRIVE:C:
2018-08-07 12:16:09 [main] INFO  o.o.u.service.VESAdapterInitializer - COMMONPROGRAMFILES(X86):C:\Program Files (x86)\Common Files
2018-08-07 12:16:09 [main] INFO  o.o.u.service.VESAdapterInitializer - USERDOMAIN:TECHMAHINDRA
2018-08-07 12:16:09 [main] INFO  o.o.u.service.VESAdapterInitializer - FPS_BROWSER_APP_PROFILE_STRING:Internet Explorer
2018-08-07 12:16:09 [main] INFO  o.o.u.service.VESAdapterInitializer - LOGONSERVER:\\INPUSCSVDC003
2018-08-07 12:16:09 [main] INFO  o.o.u.service.VESAdapterInitializer - JAVA_HOME:C:\Program Files\Java\jdk1.8.0_171
2018-08-07 12:16:09 [main] INFO  o.o.u.service.VESAdapterInitializer - PROMPT:$P$G
2018-08-07 12:16:09 [main] INFO  o.o.u.service.VESAdapterInitializer - SESSIONNAME:Console
2018-08-07 12:16:09 [main] INFO  o.o.u.service.VESAdapterInitializer - ALLUSERSPROFILE:C:\ProgramData
2018-08-07 12:16:09 [main] INFO  o.o.u.service.VESAdapterInitializer - PROGRAMFILES(X86):C:\Program Files (x86)
2018-08-07 12:16:09 [main] INFO  o.o.u.service.VESAdapterInitializer - PROCESSOR_ARCHITECTURE:AMD64
2018-08-07 12:16:09 [main] INFO  o.o.u.service.VESAdapterInitializer - DEFLOGDIR:C:\ProgramData\McAfee\Endpoint Security\Logs
2018-08-07 12:16:09 [main] INFO  o.o.u.service.VESAdapterInitializer - MAVEN_HOME:D:\SW\apache-maven-3.3.9
2018-08-07 12:16:09 [main] INFO  o.o.u.service.VESAdapterInitializer - PROGRAMFILES:C:\Program Files
2018-08-07 12:16:09 [main] INFO  o.o.u.service.VESAdapterInitializer - APPDATA:C:\Users\AS00500801\AppData\Roaming
2018-08-07 12:16:09 [main] INFO  o.o.u.service.VESAdapterInitializer - PSMODULEPATH:C:\Program Files\WindowsPowerShell\Modules;C:\WINDOWS\system32\WindowsPowerShell\v1.0\Modules
2018-08-07 12:16:09 [main] INFO  o.o.u.service.VESAdapterInitializer - PROGRAMW6432:C:\Program Files
2018-08-07 12:16:09 [main] INFO  o.o.u.service.VESAdapterInitializer - PROGRAMDATA:C:\ProgramData
2018-08-07 12:16:09 [main] INFO  o.o.u.service.VESAdapterInitializer - SYSTEMROOT:C:\WINDOWS
2018-08-07 12:16:09 [main] INFO  o.o.u.service.VESAdapterInitializer - USERNAME:AS00500801
2018-08-07 12:16:09 [main] INFO  o.o.u.service.VESAdapterInitializer - USERDNSDOMAIN:TECHMAHINDRA.COM
2018-08-07 12:16:09 [main] INFO  o.o.u.service.VESAdapterInitializer - VBOX_MSI_INSTALL_PATH:C:\Program Files\Oracle\VirtualBox\
2018-08-07 12:16:09 [main] INFO  o.o.u.service.VESAdapterInitializer - FPS_BROWSER_USER_PROFILE_STRING:Default
2018-08-07 12:16:09 [main] INFO  o.o.u.service.VESAdapterInitializer - ONEDRIVE:C:\Users\AS00500801\OneDrive
2018-08-07 12:16:09 [main] INFO  o.o.u.service.VESAdapterInitializer - PATHEXT:.COM;.EXE;.BAT;.CMD;.VBS;.VBE;.JS;.JSE;.WSF;.WSH;.MSC
2018-08-07 12:16:09 [main] INFO  o.o.u.service.VESAdapterInitializer - NEXTHINK:C:\Program Files\Nexthink
2018-08-07 12:16:09 [main] INFO  o.o.u.service.VESAdapterInitializer - OS:Windows_NT
2018-08-07 12:16:09 [main] INFO  o.o.u.service.VESAdapterInitializer - COMMONPROGRAMW6432:C:\Program Files\Common Files
2018-08-07 12:16:09 [main] INFO  o.o.u.service.VESAdapterInitializer - COMPUTERNAME:INPUSCPC07276
2018-08-07 12:16:09 [main] INFO  o.o.u.service.VESAdapterInitializer - COMMONPROGRAMFILES:C:\Program Files\Common Files
2018-08-07 12:16:09 [main] INFO  o.o.u.service.VESAdapterInitializer - COMSPEC:C:\WINDOWS\system32\cmd.exe
2018-08-07 12:16:09 [main] INFO  o.o.u.service.VESAdapterInitializer - PROCESSOR_REVISION:5e03
2018-08-07 12:16:09 [main] INFO  o.o.u.service.VESAdapterInitializer - UATDATA:C:\WINDOWS\CCM\UATData\D9F8C395-CAB8-491d-B8AC-179A1FE1BE77
2018-08-07 12:16:09 [main] INFO  o.o.u.service.VESAdapterInitializer - WINDIR:C:\WINDOWS
2018-08-07 12:16:09 [main] INFO  o.o.u.service.VESAdapterInitializer - HOMEPATH:\Users\AS00500801
2018-08-07 12:16:09 [main] INFO  o.o.u.service.VESAdapterInitializer - TEMP:C:\Users\AS0050~1\AppData\Local\Temp
2018-08-07 12:16:09 [main] INFO  o.o.u.service.VESAdapterInitializer - HOMEDRIVE:C:
2018-08-07 12:16:09 [main] INFO  o.o.u.service.VESAdapterInitializer - PROCESSOR_IDENTIFIER:Intel64 Family 6 Model 94 Stepping 3, GenuineIntel
2018-08-07 12:16:09 [main] INFO  o.o.u.service.VESAdapterInitializer - USERPROFILE:C:\Users\AS00500801
2018-08-07 12:16:09 [main] INFO  o.o.u.service.VESAdapterInitializer - TMP:C:\Users\AS0050~1\AppData\Local\Temp
2018-08-07 12:16:09 [main] INFO  o.o.u.service.VESAdapterInitializer - M2_HOME:D:\SW\apache-maven-3.3.9
2018-08-07 12:16:09 [main] INFO  o.o.u.service.VESAdapterInitializer - PUBLIC:C:\Users\Public
2018-08-07 12:16:09 [main] INFO  o.o.u.service.VESAdapterInitializer - NUMBER_OF_PROCESSORS:4
2018-08-07 12:16:09 [main] INFO  o.o.u.service.VESAdapterInitializer - >>>Static configuration to be used
2018-08-07 12:20:05 [main] INFO  o.o.u.utils.SmooksUtils - Transforming incoming json 
2018-08-07 12:20:09 [main] INFO  o.o.u.utils.SmooksUtils - Context created
2018-08-07 12:20:11 [main] DEBUG o.o.u.utils.SmooksUtils - consversion successful to VES Event
2018-08-07 15:25:32 [main] INFO  o.o.u.service.VESAdapterInitializer - Retrieving data from DB
2018-08-07 15:25:32 [main] INFO  o.o.u.service.VESAdapterInitializer - DB Initialization Completed...2
2018-08-07 15:25:32 [main] INFO  o.o.u.service.VESAdapterInitializer - PATH:C:/Program Files/Java/jre1.8.0_171/bin/server;C:/Program Files/Java/jre1.8.0_171/bin;C:/Program Files/Java/jre1.8.0_171/lib/amd64;C:\Program Files (x86)\Common Files\Oracle\Java\javapath;C:\WINDOWS\system32;C:\WINDOWS;C:\WINDOWS\System32\Wbem;C:\WINDOWS\System32\WindowsPowerShell\v1.0\;C:\WINDOWS\CCM;C:\Program Files\PuTTY\;C:\Program Files\Java\jdk1.8.0_171\bin;D:\SW\apache-maven-3.3.9\bin;D:\SW\SW_In_Installation\Git\cmd;C:\Users\AS00500801\AppData\Local\Microsoft\WindowsApps;;D:\SW\STS\sts-bundle\sts-3.9.3.RELEASE;
2018-08-07 15:25:32 [main] INFO  o.o.u.service.VESAdapterInitializer - USERDOMAIN_ROAMINGPROFILE:TECHMAHINDRA
2018-08-07 15:25:32 [main] INFO  o.o.u.service.VESAdapterInitializer - PROCESSOR_LEVEL:6
2018-08-07 15:25:32 [main] INFO  o.o.u.service.VESAdapterInitializer - SYSTEMDRIVE:C:
2018-08-07 15:25:32 [main] INFO  o.o.u.service.VESAdapterInitializer - SESSIONNAME:Console
2018-08-07 15:25:32 [main] INFO  o.o.u.service.VESAdapterInitializer - ALLUSERSPROFILE:C:\ProgramData
2018-08-07 15:25:32 [main] INFO  o.o.u.service.VESAdapterInitializer - PROCESSOR_ARCHITECTURE:AMD64
2018-08-07 15:25:32 [main] INFO  o.o.u.service.VESAdapterInitializer - DEFLOGDIR:C:\ProgramData\McAfee\Endpoint Security\Logs
2018-08-07 15:25:32 [main] INFO  o.o.u.service.VESAdapterInitializer - MAVEN_HOME:D:\SW\apache-maven-3.3.9
2018-08-07 15:25:32 [main] INFO  o.o.u.service.VESAdapterInitializer - PROGRAMFILES:C:\Program Files
2018-08-07 15:25:32 [main] INFO  o.o.u.service.VESAdapterInitializer - PSMODULEPATH:C:\Program Files\WindowsPowerShell\Modules;C:\WINDOWS\system32\WindowsPowerShell\v1.0\Modules
2018-08-07 15:25:32 [main] INFO  o.o.u.service.VESAdapterInitializer - PROGRAMDATA:C:\ProgramData
2018-08-07 15:25:32 [main] INFO  o.o.u.service.VESAdapterInitializer - USERNAME:AS00500801
2018-08-07 15:25:32 [main] INFO  o.o.u.service.VESAdapterInitializer - USERDNSDOMAIN:TECHMAHINDRA.COM
2018-08-07 15:25:32 [main] INFO  o.o.u.service.VESAdapterInitializer - FPS_BROWSER_USER_PROFILE_STRING:Default
2018-08-07 15:25:32 [main] INFO  o.o.u.service.VESAdapterInitializer - ONEDRIVE:C:\Users\AS00500801\OneDrive
2018-08-07 15:25:32 [main] INFO  o.o.u.service.VESAdapterInitializer - PATHEXT:.COM;.EXE;.BAT;.CMD;.VBS;.VBE;.JS;.JSE;.WSF;.WSH;.MSC
2018-08-07 15:25:32 [main] INFO  o.o.u.service.VESAdapterInitializer - WINDIR:C:\WINDOWS
2018-08-07 15:25:32 [main] INFO  o.o.u.service.VESAdapterInitializer - HOMEPATH:\Users\AS00500801
2018-08-07 15:25:32 [main] INFO  o.o.u.service.VESAdapterInitializer - PROCESSOR_IDENTIFIER:Intel64 Family 6 Model 94 Stepping 3, GenuineIntel
2018-08-07 15:25:32 [main] INFO  o.o.u.service.VESAdapterInitializer - M2_HOME:D:\SW\apache-maven-3.3.9
2018-08-07 15:25:32 [main] INFO  o.o.u.service.VESAdapterInitializer - PUBLIC:C:\Users\Public
2018-08-07 15:25:32 [main] INFO  o.o.u.service.VESAdapterInitializer - =:::::\
2018-08-07 15:25:32 [main] INFO  o.o.u.service.VESAdapterInitializer - LOCALAPPDATA:C:\Users\AS00500801\AppData\Local
2018-08-07 15:25:32 [main] INFO  o.o.u.service.VESAdapterInitializer - COMMONPROGRAMFILES(X86):C:\Program Files (x86)\Common Files
2018-08-07 15:25:32 [main] INFO  o.o.u.service.VESAdapterInitializer - USERDOMAIN:TECHMAHINDRA
2018-08-07 15:25:32 [main] INFO  o.o.u.service.VESAdapterInitializer - FPS_BROWSER_APP_PROFILE_STRING:Internet Explorer
2018-08-07 15:25:32 [main] INFO  o.o.u.service.VESAdapterInitializer - LOGONSERVER:\\INPUSCSVDC003
2018-08-07 15:25:32 [main] INFO  o.o.u.service.VESAdapterInitializer - JAVA_HOME:C:\Program Files\Java\jdk1.8.0_171
2018-08-07 15:25:32 [main] INFO  o.o.u.service.VESAdapterInitializer - PROMPT:$P$G
2018-08-07 15:25:32 [main] INFO  o.o.u.service.VESAdapterInitializer - PROGRAMFILES(X86):C:\Program Files (x86)
2018-08-07 15:25:32 [main] INFO  o.o.u.service.VESAdapterInitializer - =C::C:\Users\AS00500801\git\mapperCheckIn\UniversalVesAdapter
2018-08-07 15:25:32 [main] INFO  o.o.u.service.VESAdapterInitializer - APPDATA:C:\Users\AS00500801\AppData\Roaming
2018-08-07 15:25:32 [main] INFO  o.o.u.service.VESAdapterInitializer - PROGRAMW6432:C:\Program Files
2018-08-07 15:25:32 [main] INFO  o.o.u.service.VESAdapterInitializer - SYSTEMROOT:C:\WINDOWS
2018-08-07 15:25:32 [main] INFO  o.o.u.service.VESAdapterInitializer - VBOX_MSI_INSTALL_PATH:C:\Program Files\Oracle\VirtualBox\
2018-08-07 15:25:32 [main] INFO  o.o.u.service.VESAdapterInitializer - NEXTHINK:C:\Program Files\Nexthink
2018-08-07 15:25:32 [main] INFO  o.o.u.service.VESAdapterInitializer - OS:Windows_NT
2018-08-07 15:25:32 [main] INFO  o.o.u.service.VESAdapterInitializer - COMMONPROGRAMW6432:C:\Program Files\Common Files
2018-08-07 15:25:32 [main] INFO  o.o.u.service.VESAdapterInitializer - COMPUTERNAME:INPUSCPC07276
2018-08-07 15:25:32 [main] INFO  o.o.u.service.VESAdapterInitializer - COMMONPROGRAMFILES:C:\Program Files\Common Files
2018-08-07 15:25:32 [main] INFO  o.o.u.service.VESAdapterInitializer - COMSPEC:C:\WINDOWS\system32\cmd.exe
2018-08-07 15:25:32 [main] INFO  o.o.u.service.VESAdapterInitializer - PROCESSOR_REVISION:5e03
2018-08-07 15:25:32 [main] INFO  o.o.u.service.VESAdapterInitializer - UATDATA:C:\WINDOWS\CCM\UATData\D9F8C395-CAB8-491d-B8AC-179A1FE1BE77
2018-08-07 15:25:32 [main] INFO  o.o.u.service.VESAdapterInitializer - TEMP:C:\Users\AS0050~1\AppData\Local\Temp
2018-08-07 15:25:32 [main] INFO  o.o.u.service.VESAdapterInitializer - HOMEDRIVE:C:
2018-08-07 15:25:32 [main] INFO  o.o.u.service.VESAdapterInitializer - USERPROFILE:C:\Users\AS00500801
2018-08-07 15:25:32 [main] INFO  o.o.u.service.VESAdapterInitializer - TMP:C:\Users\AS0050~1\AppData\Local\Temp
2018-08-07 15:25:32 [main] INFO  o.o.u.service.VESAdapterInitializer - NUMBER_OF_PROCESSORS:4
2018-08-07 15:25:32 [main] INFO  o.o.u.service.VESAdapterInitializer - >>>Static configuration to be used
2018-08-07 15:25:34 [main] INFO  o.o.u.utils.SmooksUtils - Transforming incoming json 
2018-08-07 15:25:34 [main] INFO  o.o.u.utils.SmooksUtils - Context created
2018-08-07 15:25:34 [main] DEBUG o.o.u.utils.SmooksUtils - consversion successful to VES Event
2018-08-07 15:25:39 [main] INFO  o.o.u.c.UniversalEventConfigurationTest - Starting UniversalEventConfigurationTest on INPUSCPC07276 with PID 22128 (started by AS00500801 in C:\Users\AS00500801\git\mapperCheckIn\UniversalVesAdapter)
2018-08-07 15:25:39 [main] DEBUG o.o.u.c.UniversalEventConfigurationTest - Running with Spring Boot v2.0.3.RELEASE, Spring v5.0.7.RELEASE
2018-08-07 15:25:39 [main] INFO  o.o.u.c.UniversalEventConfigurationTest - No active profile set, falling back to default profiles: default
2018-08-07 15:25:44 [main] INFO  o.o.u.c.UniversalEventConfigurationTest - Started UniversalEventConfigurationTest in 5.253 seconds (JVM running for 7.244)
2018-08-07 15:25:44 [main] INFO  o.o.u.service.VESAdapterInitializer - Retrieving data from DB
2018-08-07 15:25:44 [main] INFO  o.o.u.service.VESAdapterInitializer - DB Initialization Completed...2
2018-08-07 15:25:44 [main] INFO  o.o.u.service.VESAdapterInitializer - PATH:C:/Program Files/Java/jre1.8.0_171/bin/server;C:/Program Files/Java/jre1.8.0_171/bin;C:/Program Files/Java/jre1.8.0_171/lib/amd64;C:\Program Files (x86)\Common Files\Oracle\Java\javapath;C:\WINDOWS\system32;C:\WINDOWS;C:\WINDOWS\System32\Wbem;C:\WINDOWS\System32\WindowsPowerShell\v1.0\;C:\WINDOWS\CCM;C:\Program Files\PuTTY\;C:\Program Files\Java\jdk1.8.0_171\bin;D:\SW\apache-maven-3.3.9\bin;D:\SW\SW_In_Installation\Git\cmd;C:\Users\AS00500801\AppData\Local\Microsoft\WindowsApps;;D:\SW\STS\sts-bundle\sts-3.9.3.RELEASE;
2018-08-07 15:25:44 [main] INFO  o.o.u.service.VESAdapterInitializer - USERDOMAIN_ROAMINGPROFILE:TECHMAHINDRA
2018-08-07 15:25:44 [main] INFO  o.o.u.service.VESAdapterInitializer - PROCESSOR_LEVEL:6
2018-08-07 15:25:44 [main] INFO  o.o.u.service.VESAdapterInitializer - SYSTEMDRIVE:C:
2018-08-07 15:25:44 [main] INFO  o.o.u.service.VESAdapterInitializer - SESSIONNAME:Console
2018-08-07 15:25:44 [main] INFO  o.o.u.service.VESAdapterInitializer - ALLUSERSPROFILE:C:\ProgramData
2018-08-07 15:25:44 [main] INFO  o.o.u.service.VESAdapterInitializer - PROCESSOR_ARCHITECTURE:AMD64
2018-08-07 15:25:44 [main] INFO  o.o.u.service.VESAdapterInitializer - DEFLOGDIR:C:\ProgramData\McAfee\Endpoint Security\Logs
2018-08-07 15:25:44 [main] INFO  o.o.u.service.VESAdapterInitializer - MAVEN_HOME:D:\SW\apache-maven-3.3.9
2018-08-07 15:25:44 [main] INFO  o.o.u.service.VESAdapterInitializer - PROGRAMFILES:C:\Program Files
2018-08-07 15:25:44 [main] INFO  o.o.u.service.VESAdapterInitializer - PSMODULEPATH:C:\Program Files\WindowsPowerShell\Modules;C:\WINDOWS\system32\WindowsPowerShell\v1.0\Modules
2018-08-07 15:25:44 [main] INFO  o.o.u.service.VESAdapterInitializer - PROGRAMDATA:C:\ProgramData
2018-08-07 15:25:44 [main] INFO  o.o.u.service.VESAdapterInitializer - USERNAME:AS00500801
2018-08-07 15:25:44 [main] INFO  o.o.u.service.VESAdapterInitializer - USERDNSDOMAIN:TECHMAHINDRA.COM
2018-08-07 15:25:44 [main] INFO  o.o.u.service.VESAdapterInitializer - FPS_BROWSER_USER_PROFILE_STRING:Default
2018-08-07 15:25:44 [main] INFO  o.o.u.service.VESAdapterInitializer - ONEDRIVE:C:\Users\AS00500801\OneDrive
2018-08-07 15:25:44 [main] INFO  o.o.u.service.VESAdapterInitializer - PATHEXT:.COM;.EXE;.BAT;.CMD;.VBS;.VBE;.JS;.JSE;.WSF;.WSH;.MSC
2018-08-07 15:25:44 [main] INFO  o.o.u.service.VESAdapterInitializer - WINDIR:C:\WINDOWS
2018-08-07 15:25:44 [main] INFO  o.o.u.service.VESAdapterInitializer - HOMEPATH:\Users\AS00500801
2018-08-07 15:25:44 [main] INFO  o.o.u.service.VESAdapterInitializer - PROCESSOR_IDENTIFIER:Intel64 Family 6 Model 94 Stepping 3, GenuineIntel
2018-08-07 15:25:44 [main] INFO  o.o.u.service.VESAdapterInitializer - M2_HOME:D:\SW\apache-maven-3.3.9
2018-08-07 15:25:44 [main] INFO  o.o.u.service.VESAdapterInitializer - PUBLIC:C:\Users\Public
2018-08-07 15:25:44 [main] INFO  o.o.u.service.VESAdapterInitializer - =:::::\
2018-08-07 15:25:44 [main] INFO  o.o.u.service.VESAdapterInitializer - LOCALAPPDATA:C:\Users\AS00500801\AppData\Local
2018-08-07 15:25:44 [main] INFO  o.o.u.service.VESAdapterInitializer - COMMONPROGRAMFILES(X86):C:\Program Files (x86)\Common Files
2018-08-07 15:25:44 [main] INFO  o.o.u.service.VESAdapterInitializer - USERDOMAIN:TECHMAHINDRA
2018-08-07 15:25:44 [main] INFO  o.o.u.service.VESAdapterInitializer - FPS_BROWSER_APP_PROFILE_STRING:Internet Explorer
2018-08-07 15:25:44 [main] INFO  o.o.u.service.VESAdapterInitializer - LOGONSERVER:\\INPUSCSVDC003
2018-08-07 15:25:44 [main] INFO  o.o.u.service.VESAdapterInitializer - JAVA_HOME:C:\Program Files\Java\jdk1.8.0_171
2018-08-07 15:25:44 [main] INFO  o.o.u.service.VESAdapterInitializer - PROMPT:$P$G
2018-08-07 15:25:44 [main] INFO  o.o.u.service.VESAdapterInitializer - PROGRAMFILES(X86):C:\Program Files (x86)
2018-08-07 15:25:44 [main] INFO  o.o.u.service.VESAdapterInitializer - =C::C:\Users\AS00500801\git\mapperCheckIn\UniversalVesAdapter
2018-08-07 15:25:44 [main] INFO  o.o.u.service.VESAdapterInitializer - APPDATA:C:\Users\AS00500801\AppData\Roaming
2018-08-07 15:25:44 [main] INFO  o.o.u.service.VESAdapterInitializer - PROGRAMW6432:C:\Program Files
2018-08-07 15:25:44 [main] INFO  o.o.u.service.VESAdapterInitializer - SYSTEMROOT:C:\WINDOWS
2018-08-07 15:25:44 [main] INFO  o.o.u.service.VESAdapterInitializer - VBOX_MSI_INSTALL_PATH:C:\Program Files\Oracle\VirtualBox\
2018-08-07 15:25:44 [main] INFO  o.o.u.service.VESAdapterInitializer - NEXTHINK:C:\Program Files\Nexthink
2018-08-07 15:25:44 [main] INFO  o.o.u.service.VESAdapterInitializer - OS:Windows_NT
2018-08-07 15:25:44 [main] INFO  o.o.u.service.VESAdapterInitializer - COMMONPROGRAMW6432:C:\Program Files\Common Files
2018-08-07 15:25:44 [main] INFO  o.o.u.service.VESAdapterInitializer - COMPUTERNAME:INPUSCPC07276
2018-08-07 15:25:44 [main] INFO  o.o.u.service.VESAdapterInitializer - COMMONPROGRAMFILES:C:\Program Files\Common Files
2018-08-07 15:25:44 [main] INFO  o.o.u.service.VESAdapterInitializer - COMSPEC:C:\WINDOWS\system32\cmd.exe
2018-08-07 15:25:44 [main] INFO  o.o.u.service.VESAdapterInitializer - PROCESSOR_REVISION:5e03
2018-08-07 15:25:44 [main] INFO  o.o.u.service.VESAdapterInitializer - UATDATA:C:\WINDOWS\CCM\UATData\D9F8C395-CAB8-491d-B8AC-179A1FE1BE77
2018-08-07 15:25:44 [main] INFO  o.o.u.service.VESAdapterInitializer - TEMP:C:\Users\AS0050~1\AppData\Local\Temp
2018-08-07 15:25:44 [main] INFO  o.o.u.service.VESAdapterInitializer - HOMEDRIVE:C:
2018-08-07 15:25:44 [main] INFO  o.o.u.service.VESAdapterInitializer - USERPROFILE:C:\Users\AS00500801
2018-08-07 15:25:44 [main] INFO  o.o.u.service.VESAdapterInitializer - TMP:C:\Users\AS0050~1\AppData\Local\Temp
2018-08-07 15:25:44 [main] INFO  o.o.u.service.VESAdapterInitializer - NUMBER_OF_PROCESSORS:4
2018-08-07 15:25:44 [main] INFO  o.o.u.service.VESAdapterInitializer - >>>Static configuration to be used
2018-08-07 15:25:44 [main] DEBUG o.o.u.c.UniversalEventConfiguration - Getting config file name for event:default
2018-08-07 15:25:44 [main] DEBUG o.o.u.c.UniversalEventConfiguration - Populated mappings for event type to config files
2018-08-07 15:25:49 [main] INFO  o.o.u.controller.VesControllerTest - Starting VesControllerTest on INPUSCPC07276 with PID 16000 (started by AS00500801 in C:\Users\AS00500801\git\mapperCheckIn\UniversalVesAdapter)
2018-08-07 15:25:49 [main] DEBUG o.o.u.controller.VesControllerTest - Running with Spring Boot v2.0.3.RELEASE, Spring v5.0.7.RELEASE
2018-08-07 15:25:49 [main] INFO  o.o.u.controller.VesControllerTest - No active profile set, falling back to default profiles: default
2018-08-07 15:25:54 [main] INFO  o.o.u.controller.VesControllerTest - Started VesControllerTest in 5.348 seconds (JVM running for 7.463)
2018-08-07 15:25:54 [main] INFO  o.o.u.service.VESAdapterInitializer - Retrieving data from DB
2018-08-07 15:25:55 [main] INFO  o.o.u.service.VESAdapterInitializer - DB Initialization Completed...2
2018-08-07 15:25:55 [main] INFO  o.o.u.service.VESAdapterInitializer - PATH:C:/Program Files/Java/jre1.8.0_171/bin/server;C:/Program Files/Java/jre1.8.0_171/bin;C:/Program Files/Java/jre1.8.0_171/lib/amd64;C:\Program Files (x86)\Common Files\Oracle\Java\javapath;C:\WINDOWS\system32;C:\WINDOWS;C:\WINDOWS\System32\Wbem;C:\WINDOWS\System32\WindowsPowerShell\v1.0\;C:\WINDOWS\CCM;C:\Program Files\PuTTY\;C:\Program Files\Java\jdk1.8.0_171\bin;D:\SW\apache-maven-3.3.9\bin;D:\SW\SW_In_Installation\Git\cmd;C:\Users\AS00500801\AppData\Local\Microsoft\WindowsApps;;D:\SW\STS\sts-bundle\sts-3.9.3.RELEASE;
2018-08-07 15:25:55 [main] INFO  o.o.u.service.VESAdapterInitializer - USERDOMAIN_ROAMINGPROFILE:TECHMAHINDRA
2018-08-07 15:25:55 [main] INFO  o.o.u.service.VESAdapterInitializer - PROCESSOR_LEVEL:6
2018-08-07 15:25:55 [main] INFO  o.o.u.service.VESAdapterInitializer - SYSTEMDRIVE:C:
2018-08-07 15:25:55 [main] INFO  o.o.u.service.VESAdapterInitializer - SESSIONNAME:Console
2018-08-07 15:25:55 [main] INFO  o.o.u.service.VESAdapterInitializer - ALLUSERSPROFILE:C:\ProgramData
2018-08-07 15:25:55 [main] INFO  o.o.u.service.VESAdapterInitializer - PROCESSOR_ARCHITECTURE:AMD64
2018-08-07 15:25:55 [main] INFO  o.o.u.service.VESAdapterInitializer - DEFLOGDIR:C:\ProgramData\McAfee\Endpoint Security\Logs
2018-08-07 15:25:55 [main] INFO  o.o.u.service.VESAdapterInitializer - MAVEN_HOME:D:\SW\apache-maven-3.3.9
2018-08-07 15:25:55 [main] INFO  o.o.u.service.VESAdapterInitializer - PROGRAMFILES:C:\Program Files
2018-08-07 15:25:55 [main] INFO  o.o.u.service.VESAdapterInitializer - PSMODULEPATH:C:\Program Files\WindowsPowerShell\Modules;C:\WINDOWS\system32\WindowsPowerShell\v1.0\Modules
2018-08-07 15:25:55 [main] INFO  o.o.u.service.VESAdapterInitializer - PROGRAMDATA:C:\ProgramData
2018-08-07 15:25:55 [main] INFO  o.o.u.service.VESAdapterInitializer - USERNAME:AS00500801
2018-08-07 15:25:55 [main] INFO  o.o.u.service.VESAdapterInitializer - USERDNSDOMAIN:TECHMAHINDRA.COM
2018-08-07 15:25:55 [main] INFO  o.o.u.service.VESAdapterInitializer - FPS_BROWSER_USER_PROFILE_STRING:Default
2018-08-07 15:25:55 [main] INFO  o.o.u.service.VESAdapterInitializer - ONEDRIVE:C:\Users\AS00500801\OneDrive
2018-08-07 15:25:55 [main] INFO  o.o.u.service.VESAdapterInitializer - PATHEXT:.COM;.EXE;.BAT;.CMD;.VBS;.VBE;.JS;.JSE;.WSF;.WSH;.MSC
2018-08-07 15:25:55 [main] INFO  o.o.u.service.VESAdapterInitializer - WINDIR:C:\WINDOWS
2018-08-07 15:25:55 [main] INFO  o.o.u.service.VESAdapterInitializer - HOMEPATH:\Users\AS00500801
2018-08-07 15:25:55 [main] INFO  o.o.u.service.VESAdapterInitializer - PROCESSOR_IDENTIFIER:Intel64 Family 6 Model 94 Stepping 3, GenuineIntel
2018-08-07 15:25:55 [main] INFO  o.o.u.service.VESAdapterInitializer - M2_HOME:D:\SW\apache-maven-3.3.9
2018-08-07 15:25:55 [main] INFO  o.o.u.service.VESAdapterInitializer - PUBLIC:C:\Users\Public
2018-08-07 15:25:55 [main] INFO  o.o.u.service.VESAdapterInitializer - =:::::\
2018-08-07 15:25:55 [main] INFO  o.o.u.service.VESAdapterInitializer - LOCALAPPDATA:C:\Users\AS00500801\AppData\Local
2018-08-07 15:25:55 [main] INFO  o.o.u.service.VESAdapterInitializer - COMMONPROGRAMFILES(X86):C:\Program Files (x86)\Common Files
2018-08-07 15:25:55 [main] INFO  o.o.u.service.VESAdapterInitializer - USERDOMAIN:TECHMAHINDRA
2018-08-07 15:25:55 [main] INFO  o.o.u.service.VESAdapterInitializer - FPS_BROWSER_APP_PROFILE_STRING:Internet Explorer
2018-08-07 15:25:55 [main] INFO  o.o.u.service.VESAdapterInitializer - LOGONSERVER:\\INPUSCSVDC003
2018-08-07 15:25:55 [main] INFO  o.o.u.service.VESAdapterInitializer - JAVA_HOME:C:\Program Files\Java\jdk1.8.0_171
2018-08-07 15:25:55 [main] INFO  o.o.u.service.VESAdapterInitializer - PROMPT:$P$G
2018-08-07 15:25:55 [main] INFO  o.o.u.service.VESAdapterInitializer - PROGRAMFILES(X86):C:\Program Files (x86)
2018-08-07 15:25:55 [main] INFO  o.o.u.service.VESAdapterInitializer - =C::C:\Users\AS00500801\git\mapperCheckIn\UniversalVesAdapter
2018-08-07 15:25:55 [main] INFO  o.o.u.service.VESAdapterInitializer - APPDATA:C:\Users\AS00500801\AppData\Roaming
2018-08-07 15:25:55 [main] INFO  o.o.u.service.VESAdapterInitializer - PROGRAMW6432:C:\Program Files
2018-08-07 15:25:55 [main] INFO  o.o.u.service.VESAdapterInitializer - SYSTEMROOT:C:\WINDOWS
2018-08-07 15:25:55 [main] INFO  o.o.u.service.VESAdapterInitializer - VBOX_MSI_INSTALL_PATH:C:\Program Files\Oracle\VirtualBox\
2018-08-07 15:25:55 [main] INFO  o.o.u.service.VESAdapterInitializer - NEXTHINK:C:\Program Files\Nexthink
2018-08-07 15:25:55 [main] INFO  o.o.u.service.VESAdapterInitializer - OS:Windows_NT
2018-08-07 15:25:55 [main] INFO  o.o.u.service.VESAdapterInitializer - COMMONPROGRAMW6432:C:\Program Files\Common Files
2018-08-07 15:25:55 [main] INFO  o.o.u.service.VESAdapterInitializer - COMPUTERNAME:INPUSCPC07276
2018-08-07 15:25:55 [main] INFO  o.o.u.service.VESAdapterInitializer - COMMONPROGRAMFILES:C:\Program Files\Common Files
2018-08-07 15:25:55 [main] INFO  o.o.u.service.VESAdapterInitializer - COMSPEC:C:\WINDOWS\system32\cmd.exe
2018-08-07 15:25:55 [main] INFO  o.o.u.service.VESAdapterInitializer - PROCESSOR_REVISION:5e03
2018-08-07 15:25:55 [main] INFO  o.o.u.service.VESAdapterInitializer - UATDATA:C:\WINDOWS\CCM\UATData\D9F8C395-CAB8-491d-B8AC-179A1FE1BE77
2018-08-07 15:25:55 [main] INFO  o.o.u.service.VESAdapterInitializer - TEMP:C:\Users\AS0050~1\AppData\Local\Temp
2018-08-07 15:25:55 [main] INFO  o.o.u.service.VESAdapterInitializer - HOMEDRIVE:C:
2018-08-07 15:25:55 [main] INFO  o.o.u.service.VESAdapterInitializer - USERPROFILE:C:\Users\AS00500801
2018-08-07 15:25:55 [main] INFO  o.o.u.service.VESAdapterInitializer - TMP:C:\Users\AS0050~1\AppData\Local\Temp
2018-08-07 15:25:55 [main] INFO  o.o.u.service.VESAdapterInitializer - NUMBER_OF_PROCESSORS:4
2018-08-07 15:25:55 [main] INFO  o.o.u.service.VESAdapterInitializer - >>>Static configuration to be used
2018-08-07 15:25:55 [main] DEBUG o.o.u.controller.VesController - UniversalVesAdapter Application is stopping...
2018-08-07 15:25:55 [main] INFO  o.o.u.controller.VesController - UniversalVesAdapter Application starting...
2018-08-07 15:25:55 [main] DEBUG o.o.u.service.VesService - Creating Subcriber and Publisher with creator.............
2018-08-07 15:25:56 [main] INFO  o.o.u.dmaap.DMaaPMRFactory - Created new instance of DMaaP MR Factory
2018-08-07 15:25:56 [main] INFO  o.o.u.dmaap.Creator - The Hostname of DMaap is :10.53.172.156
2018-08-07 15:25:56 [main] DEBUG o.o.u.dmaap.DMaaPMRFactory - Creating new DMaaP MR Subscriber Instance with configuration: org.onap.universalvesadapter.configs.DMaaPMRSubscriberConfig@57b636f3
2018-08-07 15:25:56 [main] INFO  o.o.u.dmaap.BaseDMaaPMRComponent - Created DMaaP MR Subscriber URI: http://10.53.172.156:3904/events/ONAP-COLLECTOR-SNMPTRAP/grp2/con2
2018-08-07 15:25:56 [main] INFO  o.o.u.dmaap.DMaaPMRFactory - Created new DMaaP MR Subscriber Instance. Subscriber creation time: Tue Aug 07 15:25:56 IST 2018
2018-08-07 15:25:56 [main] INFO  o.o.u.dmaap.DMaaPMRFactory - Created new instance of DMaaP MR Factory
2018-08-07 15:25:56 [main] INFO  o.o.u.dmaap.Creator - The Hostname of DMaap is :10.53.172.156
2018-08-07 15:25:56 [main] DEBUG o.o.u.dmaap.DMaaPMRFactory - Creating new DMaaP MR Publisher Instance with configuration: org.onap.universalvesadapter.configs.DMaaPMRPublisherConfig@74946b4f
2018-08-07 15:25:56 [main] DEBUG o.o.u.d.M.DMaaPMRPublisherQueueImpl - Creating Instance of DMaaP Publisher Queue. BatchQueueSize: 1, RecoveryQueueSize: 100000
2018-08-07 15:25:56 [main] INFO  o.o.u.dmaap.BaseDMaaPMRComponent - Created DMaaP MR Publisher URI: http://10.53.172.156:3904/events/unauthenticated.SEC_FAULT_OUTPUT
2018-08-07 15:25:56 [main] INFO  o.o.u.dmaap.DMaaPMRFactory - Created new DMaaP MR Publisher Instance. Publisher creation time: Tue Aug 07 15:25:56 IST 2018
2018-08-07 15:25:56 [SNMP-COLLECTOR] DEBUG o.o.u.service.VesService - starting subscriber & publisher thread:SNMP-COLLECTOR
2018-08-07 15:25:56 [SNMP-COLLECTOR] INFO  o.o.u.service.DMaapService - fetch and publish from and to Dmaap started
2018-08-07 15:25:56 [SNMP-COLLECTOR] DEBUG o.o.u.d.M.DMaaPMRSubscriberImpl - DMaaP MR Subscriber Authentication is disabled as username or password is not present.
2018-08-07 15:26:13 [main] INFO  o.o.u.service.AdapterServiceTest - Starting AdapterServiceTest on INPUSCPC07276 with PID 9460 (started by AS00500801 in C:\Users\AS00500801\git\mapperCheckIn\UniversalVesAdapter)
2018-08-07 15:26:13 [main] DEBUG o.o.u.service.AdapterServiceTest - Running with Spring Boot v2.0.3.RELEASE, Spring v5.0.7.RELEASE
2018-08-07 15:26:13 [main] INFO  o.o.u.service.AdapterServiceTest - No active profile set, falling back to default profiles: default
2018-08-07 15:26:18 [main] INFO  o.o.u.service.AdapterServiceTest - Started AdapterServiceTest in 5.305 seconds (JVM running for 7.453)
2018-08-07 15:26:18 [main] INFO  o.o.u.service.VESAdapterInitializer - Retrieving data from DB
2018-08-07 15:26:18 [main] INFO  o.o.u.service.VESAdapterInitializer - DB Initialization Completed...2
2018-08-07 15:26:18 [main] INFO  o.o.u.service.VESAdapterInitializer - PATH:C:/Program Files/Java/jre1.8.0_171/bin/server;C:/Program Files/Java/jre1.8.0_171/bin;C:/Program Files/Java/jre1.8.0_171/lib/amd64;C:\Program Files (x86)\Common Files\Oracle\Java\javapath;C:\WINDOWS\system32;C:\WINDOWS;C:\WINDOWS\System32\Wbem;C:\WINDOWS\System32\WindowsPowerShell\v1.0\;C:\WINDOWS\CCM;C:\Program Files\PuTTY\;C:\Program Files\Java\jdk1.8.0_171\bin;D:\SW\apache-maven-3.3.9\bin;D:\SW\SW_In_Installation\Git\cmd;C:\Users\AS00500801\AppData\Local\Microsoft\WindowsApps;;D:\SW\STS\sts-bundle\sts-3.9.3.RELEASE;
2018-08-07 15:26:18 [main] INFO  o.o.u.service.VESAdapterInitializer - USERDOMAIN_ROAMINGPROFILE:TECHMAHINDRA
2018-08-07 15:26:18 [main] INFO  o.o.u.service.VESAdapterInitializer - PROCESSOR_LEVEL:6
2018-08-07 15:26:18 [main] INFO  o.o.u.service.VESAdapterInitializer - SYSTEMDRIVE:C:
2018-08-07 15:26:18 [main] INFO  o.o.u.service.VESAdapterInitializer - SESSIONNAME:Console
2018-08-07 15:26:18 [main] INFO  o.o.u.service.VESAdapterInitializer - ALLUSERSPROFILE:C:\ProgramData
2018-08-07 15:26:18 [main] INFO  o.o.u.service.VESAdapterInitializer - PROCESSOR_ARCHITECTURE:AMD64
2018-08-07 15:26:18 [main] INFO  o.o.u.service.VESAdapterInitializer - DEFLOGDIR:C:\ProgramData\McAfee\Endpoint Security\Logs
2018-08-07 15:26:18 [main] INFO  o.o.u.service.VESAdapterInitializer - MAVEN_HOME:D:\SW\apache-maven-3.3.9
2018-08-07 15:26:18 [main] INFO  o.o.u.service.VESAdapterInitializer - PROGRAMFILES:C:\Program Files
2018-08-07 15:26:18 [main] INFO  o.o.u.service.VESAdapterInitializer - PSMODULEPATH:C:\Program Files\WindowsPowerShell\Modules;C:\WINDOWS\system32\WindowsPowerShell\v1.0\Modules
2018-08-07 15:26:18 [main] INFO  o.o.u.service.VESAdapterInitializer - PROGRAMDATA:C:\ProgramData
2018-08-07 15:26:18 [main] INFO  o.o.u.service.VESAdapterInitializer - USERNAME:AS00500801
2018-08-07 15:26:18 [main] INFO  o.o.u.service.VESAdapterInitializer - USERDNSDOMAIN:TECHMAHINDRA.COM
2018-08-07 15:26:18 [main] INFO  o.o.u.service.VESAdapterInitializer - FPS_BROWSER_USER_PROFILE_STRING:Default
2018-08-07 15:26:18 [main] INFO  o.o.u.service.VESAdapterInitializer - ONEDRIVE:C:\Users\AS00500801\OneDrive
2018-08-07 15:26:18 [main] INFO  o.o.u.service.VESAdapterInitializer - PATHEXT:.COM;.EXE;.BAT;.CMD;.VBS;.VBE;.JS;.JSE;.WSF;.WSH;.MSC
2018-08-07 15:26:18 [main] INFO  o.o.u.service.VESAdapterInitializer - WINDIR:C:\WINDOWS
2018-08-07 15:26:18 [main] INFO  o.o.u.service.VESAdapterInitializer - HOMEPATH:\Users\AS00500801
2018-08-07 15:26:18 [main] INFO  o.o.u.service.VESAdapterInitializer - PROCESSOR_IDENTIFIER:Intel64 Family 6 Model 94 Stepping 3, GenuineIntel
2018-08-07 15:26:18 [main] INFO  o.o.u.service.VESAdapterInitializer - M2_HOME:D:\SW\apache-maven-3.3.9
2018-08-07 15:26:18 [main] INFO  o.o.u.service.VESAdapterInitializer - PUBLIC:C:\Users\Public
2018-08-07 15:26:18 [main] INFO  o.o.u.service.VESAdapterInitializer - =:::::\
2018-08-07 15:26:18 [main] INFO  o.o.u.service.VESAdapterInitializer - LOCALAPPDATA:C:\Users\AS00500801\AppData\Local
2018-08-07 15:26:18 [main] INFO  o.o.u.service.VESAdapterInitializer - COMMONPROGRAMFILES(X86):C:\Program Files (x86)\Common Files
2018-08-07 15:26:18 [main] INFO  o.o.u.service.VESAdapterInitializer - USERDOMAIN:TECHMAHINDRA
2018-08-07 15:26:18 [main] INFO  o.o.u.service.VESAdapterInitializer - FPS_BROWSER_APP_PROFILE_STRING:Internet Explorer
2018-08-07 15:26:18 [main] INFO  o.o.u.service.VESAdapterInitializer - LOGONSERVER:\\INPUSCSVDC003
2018-08-07 15:26:18 [main] INFO  o.o.u.service.VESAdapterInitializer - JAVA_HOME:C:\Program Files\Java\jdk1.8.0_171
2018-08-07 15:26:18 [main] INFO  o.o.u.service.VESAdapterInitializer - PROMPT:$P$G
2018-08-07 15:26:18 [main] INFO  o.o.u.service.VESAdapterInitializer - PROGRAMFILES(X86):C:\Program Files (x86)
2018-08-07 15:26:18 [main] INFO  o.o.u.service.VESAdapterInitializer - =C::C:\Users\AS00500801\git\mapperCheckIn\UniversalVesAdapter
2018-08-07 15:26:18 [main] INFO  o.o.u.service.VESAdapterInitializer - APPDATA:C:\Users\AS00500801\AppData\Roaming
2018-08-07 15:26:18 [main] INFO  o.o.u.service.VESAdapterInitializer - PROGRAMW6432:C:\Program Files
2018-08-07 15:26:18 [main] INFO  o.o.u.service.VESAdapterInitializer - SYSTEMROOT:C:\WINDOWS
2018-08-07 15:26:18 [main] INFO  o.o.u.service.VESAdapterInitializer - VBOX_MSI_INSTALL_PATH:C:\Program Files\Oracle\VirtualBox\
2018-08-07 15:26:18 [main] INFO  o.o.u.service.VESAdapterInitializer - NEXTHINK:C:\Program Files\Nexthink
2018-08-07 15:26:18 [main] INFO  o.o.u.service.VESAdapterInitializer - OS:Windows_NT
2018-08-07 15:26:18 [main] INFO  o.o.u.service.VESAdapterInitializer - COMMONPROGRAMW6432:C:\Program Files\Common Files
2018-08-07 15:26:18 [main] INFO  o.o.u.service.VESAdapterInitializer - COMPUTERNAME:INPUSCPC07276
2018-08-07 15:26:18 [main] INFO  o.o.u.service.VESAdapterInitializer - COMMONPROGRAMFILES:C:\Program Files\Common Files
2018-08-07 15:26:18 [main] INFO  o.o.u.service.VESAdapterInitializer - COMSPEC:C:\WINDOWS\system32\cmd.exe
2018-08-07 15:26:18 [main] INFO  o.o.u.service.VESAdapterInitializer - PROCESSOR_REVISION:5e03
2018-08-07 15:26:18 [main] INFO  o.o.u.service.VESAdapterInitializer - UATDATA:C:\WINDOWS\CCM\UATData\D9F8C395-CAB8-491d-B8AC-179A1FE1BE77
2018-08-07 15:26:18 [main] INFO  o.o.u.service.VESAdapterInitializer - TEMP:C:\Users\AS0050~1\AppData\Local\Temp
2018-08-07 15:26:18 [main] INFO  o.o.u.service.VESAdapterInitializer - HOMEDRIVE:C:
2018-08-07 15:26:18 [main] INFO  o.o.u.service.VESAdapterInitializer - USERPROFILE:C:\Users\AS00500801
2018-08-07 15:26:18 [main] INFO  o.o.u.service.VESAdapterInitializer - TMP:C:\Users\AS0050~1\AppData\Local\Temp
2018-08-07 15:26:18 [main] INFO  o.o.u.service.VESAdapterInitializer - NUMBER_OF_PROCESSORS:4
2018-08-07 15:26:18 [main] INFO  o.o.u.service.VESAdapterInitializer - >>>Static configuration to be used
2018-08-07 15:26:25 [main] INFO  o.o.u.utils.SmooksUtils - Transforming incoming json 
2018-08-07 15:26:25 [main] INFO  o.o.u.utils.SmooksUtils - Context created
2018-08-07 15:26:25 [main] DEBUG o.o.u.utils.SmooksUtils - consversion successful to VES Event
2018-08-07 15:46:32 [main] INFO  o.o.u.service.VESAdapterInitializer - Retrieving data from DB
2018-08-07 15:46:32 [main] INFO  o.o.u.service.VESAdapterInitializer - DB Initialization Completed...2
2018-08-07 15:46:32 [main] INFO  o.o.u.service.VESAdapterInitializer - PATH:C:\Program Files\Java\jdk1.8.0_171\jre\bin;C:/Program Files/Java/jre1.8.0_171/bin/server;C:/Program Files/Java/jre1.8.0_171/bin;C:/Program Files/Java/jre1.8.0_171/lib/amd64;C:\Program Files (x86)\Common Files\Oracle\Java\javapath;C:\WINDOWS\system32;C:\WINDOWS;C:\WINDOWS\System32\Wbem;C:\WINDOWS\System32\WindowsPowerShell\v1.0\;C:\WINDOWS\CCM;C:\Program Files\PuTTY\;C:\Program Files\Java\jdk1.8.0_171\bin;D:\SW\apache-maven-3.3.9\bin;D:\SW\SW_In_Installation\Git\cmd;C:\Users\AS00500801\AppData\Local\Microsoft\WindowsApps;;D:\SW\STS\sts-bundle\sts-3.9.3.RELEASE;
2018-08-07 15:46:32 [main] INFO  o.o.u.service.VESAdapterInitializer - USERDOMAIN_ROAMINGPROFILE:TECHMAHINDRA
2018-08-07 15:46:32 [main] INFO  o.o.u.service.VESAdapterInitializer - LOCALAPPDATA:C:\Users\AS00500801\AppData\Local
2018-08-07 15:46:32 [main] INFO  o.o.u.service.VESAdapterInitializer - PROCESSOR_LEVEL:6
2018-08-07 15:46:32 [main] INFO  o.o.u.service.VESAdapterInitializer - SYSTEMDRIVE:C:
2018-08-07 15:46:32 [main] INFO  o.o.u.service.VESAdapterInitializer - COMMONPROGRAMFILES(X86):C:\Program Files (x86)\Common Files
2018-08-07 15:46:32 [main] INFO  o.o.u.service.VESAdapterInitializer - USERDOMAIN:TECHMAHINDRA
2018-08-07 15:46:32 [main] INFO  o.o.u.service.VESAdapterInitializer - FPS_BROWSER_APP_PROFILE_STRING:Internet Explorer
2018-08-07 15:46:32 [main] INFO  o.o.u.service.VESAdapterInitializer - LOGONSERVER:\\INPUSCSVDC003
2018-08-07 15:46:32 [main] INFO  o.o.u.service.VESAdapterInitializer - JAVA_HOME:C:\Program Files\Java\jdk1.8.0_171
2018-08-07 15:46:32 [main] INFO  o.o.u.service.VESAdapterInitializer - PROMPT:$P$G
2018-08-07 15:46:32 [main] INFO  o.o.u.service.VESAdapterInitializer - SESSIONNAME:Console
2018-08-07 15:46:32 [main] INFO  o.o.u.service.VESAdapterInitializer - ALLUSERSPROFILE:C:\ProgramData
2018-08-07 15:46:32 [main] INFO  o.o.u.service.VESAdapterInitializer - PROGRAMFILES(X86):C:\Program Files (x86)
2018-08-07 15:46:32 [main] INFO  o.o.u.service.VESAdapterInitializer - PROCESSOR_ARCHITECTURE:AMD64
2018-08-07 15:46:32 [main] INFO  o.o.u.service.VESAdapterInitializer - DEFLOGDIR:C:\ProgramData\McAfee\Endpoint Security\Logs
2018-08-07 15:46:32 [main] INFO  o.o.u.service.VESAdapterInitializer - MAVEN_HOME:D:\SW\apache-maven-3.3.9
2018-08-07 15:46:32 [main] INFO  o.o.u.service.VESAdapterInitializer - PROGRAMFILES:C:\Program Files
2018-08-07 15:46:32 [main] INFO  o.o.u.service.VESAdapterInitializer - APPDATA:C:\Users\AS00500801\AppData\Roaming
2018-08-07 15:46:32 [main] INFO  o.o.u.service.VESAdapterInitializer - PSMODULEPATH:C:\Program Files\WindowsPowerShell\Modules;C:\WINDOWS\system32\WindowsPowerShell\v1.0\Modules
2018-08-07 15:46:32 [main] INFO  o.o.u.service.VESAdapterInitializer - PROGRAMW6432:C:\Program Files
2018-08-07 15:46:32 [main] INFO  o.o.u.service.VESAdapterInitializer - PROGRAMDATA:C:\ProgramData
2018-08-07 15:46:32 [main] INFO  o.o.u.service.VESAdapterInitializer - SYSTEMROOT:C:\WINDOWS
2018-08-07 15:46:32 [main] INFO  o.o.u.service.VESAdapterInitializer - USERNAME:AS00500801
2018-08-07 15:46:32 [main] INFO  o.o.u.service.VESAdapterInitializer - USERDNSDOMAIN:TECHMAHINDRA.COM
2018-08-07 15:46:32 [main] INFO  o.o.u.service.VESAdapterInitializer - VBOX_MSI_INSTALL_PATH:C:\Program Files\Oracle\VirtualBox\
2018-08-07 15:46:32 [main] INFO  o.o.u.service.VESAdapterInitializer - FPS_BROWSER_USER_PROFILE_STRING:Default
2018-08-07 15:46:32 [main] INFO  o.o.u.service.VESAdapterInitializer - ONEDRIVE:C:\Users\AS00500801\OneDrive
2018-08-07 15:46:32 [main] INFO  o.o.u.service.VESAdapterInitializer - PATHEXT:.COM;.EXE;.BAT;.CMD;.VBS;.VBE;.JS;.JSE;.WSF;.WSH;.MSC
2018-08-07 15:46:32 [main] INFO  o.o.u.service.VESAdapterInitializer - NEXTHINK:C:\Program Files\Nexthink
2018-08-07 15:46:32 [main] INFO  o.o.u.service.VESAdapterInitializer - OS:Windows_NT
2018-08-07 15:46:32 [main] INFO  o.o.u.service.VESAdapterInitializer - COMMONPROGRAMW6432:C:\Program Files\Common Files
2018-08-07 15:46:32 [main] INFO  o.o.u.service.VESAdapterInitializer - COMPUTERNAME:INPUSCPC07276
2018-08-07 15:46:32 [main] INFO  o.o.u.service.VESAdapterInitializer - COMMONPROGRAMFILES:C:\Program Files\Common Files
2018-08-07 15:46:32 [main] INFO  o.o.u.service.VESAdapterInitializer - COMSPEC:C:\WINDOWS\system32\cmd.exe
2018-08-07 15:46:32 [main] INFO  o.o.u.service.VESAdapterInitializer - PROCESSOR_REVISION:5e03
2018-08-07 15:46:32 [main] INFO  o.o.u.service.VESAdapterInitializer - UATDATA:C:\WINDOWS\CCM\UATData\D9F8C395-CAB8-491d-B8AC-179A1FE1BE77
2018-08-07 15:46:32 [main] INFO  o.o.u.service.VESAdapterInitializer - WINDIR:C:\WINDOWS
2018-08-07 15:46:32 [main] INFO  o.o.u.service.VESAdapterInitializer - HOMEPATH:\Users\AS00500801
2018-08-07 15:46:32 [main] INFO  o.o.u.service.VESAdapterInitializer - TEMP:C:\Users\AS0050~1\AppData\Local\Temp
2018-08-07 15:46:32 [main] INFO  o.o.u.service.VESAdapterInitializer - HOMEDRIVE:C:
2018-08-07 15:46:32 [main] INFO  o.o.u.service.VESAdapterInitializer - PROCESSOR_IDENTIFIER:Intel64 Family 6 Model 94 Stepping 3, GenuineIntel
2018-08-07 15:46:32 [main] INFO  o.o.u.service.VESAdapterInitializer - USERPROFILE:C:\Users\AS00500801
2018-08-07 15:46:32 [main] INFO  o.o.u.service.VESAdapterInitializer - TMP:C:\Users\AS0050~1\AppData\Local\Temp
2018-08-07 15:46:32 [main] INFO  o.o.u.service.VESAdapterInitializer - M2_HOME:D:\SW\apache-maven-3.3.9
2018-08-07 15:46:32 [main] INFO  o.o.u.service.VESAdapterInitializer - PUBLIC:C:\Users\Public
2018-08-07 15:46:32 [main] INFO  o.o.u.service.VESAdapterInitializer - NUMBER_OF_PROCESSORS:4
2018-08-07 15:46:32 [main] INFO  o.o.u.service.VESAdapterInitializer - >>>Static configuration to be used
2018-08-07 15:47:30 [main] INFO  o.o.u.utils.SmooksUtils - Transforming incoming json 
2018-08-07 15:47:30 [main] INFO  o.o.u.utils.SmooksUtils - Context created
2018-08-07 15:47:31 [main] DEBUG o.o.u.utils.SmooksUtils - consversion successful to VES Event
2018-08-07 15:48:09 [main] INFO  o.o.u.service.VESAdapterInitializer - Retrieving data from DB
2018-08-07 15:48:09 [main] INFO  o.o.u.service.VESAdapterInitializer - DB Initialization Completed...2
2018-08-07 15:48:09 [main] INFO  o.o.u.service.VESAdapterInitializer - PATH:C:\Program Files\Java\jdk1.8.0_171\jre\bin;C:/Program Files/Java/jre1.8.0_171/bin/server;C:/Program Files/Java/jre1.8.0_171/bin;C:/Program Files/Java/jre1.8.0_171/lib/amd64;C:\Program Files (x86)\Common Files\Oracle\Java\javapath;C:\WINDOWS\system32;C:\WINDOWS;C:\WINDOWS\System32\Wbem;C:\WINDOWS\System32\WindowsPowerShell\v1.0\;C:\WINDOWS\CCM;C:\Program Files\PuTTY\;C:\Program Files\Java\jdk1.8.0_171\bin;D:\SW\apache-maven-3.3.9\bin;D:\SW\SW_In_Installation\Git\cmd;C:\Users\AS00500801\AppData\Local\Microsoft\WindowsApps;;D:\SW\STS\sts-bundle\sts-3.9.3.RELEASE;
2018-08-07 15:48:09 [main] INFO  o.o.u.service.VESAdapterInitializer - USERDOMAIN_ROAMINGPROFILE:TECHMAHINDRA
2018-08-07 15:48:09 [main] INFO  o.o.u.service.VESAdapterInitializer - LOCALAPPDATA:C:\Users\AS00500801\AppData\Local
2018-08-07 15:48:09 [main] INFO  o.o.u.service.VESAdapterInitializer - PROCESSOR_LEVEL:6
2018-08-07 15:48:09 [main] INFO  o.o.u.service.VESAdapterInitializer - SYSTEMDRIVE:C:
2018-08-07 15:48:09 [main] INFO  o.o.u.service.VESAdapterInitializer - COMMONPROGRAMFILES(X86):C:\Program Files (x86)\Common Files
2018-08-07 15:48:09 [main] INFO  o.o.u.service.VESAdapterInitializer - USERDOMAIN:TECHMAHINDRA
2018-08-07 15:48:09 [main] INFO  o.o.u.service.VESAdapterInitializer - FPS_BROWSER_APP_PROFILE_STRING:Internet Explorer
2018-08-07 15:48:09 [main] INFO  o.o.u.service.VESAdapterInitializer - LOGONSERVER:\\INPUSCSVDC003
2018-08-07 15:48:09 [main] INFO  o.o.u.service.VESAdapterInitializer - JAVA_HOME:C:\Program Files\Java\jdk1.8.0_171
2018-08-07 15:48:09 [main] INFO  o.o.u.service.VESAdapterInitializer - PROMPT:$P$G
2018-08-07 15:48:09 [main] INFO  o.o.u.service.VESAdapterInitializer - SESSIONNAME:Console
2018-08-07 15:48:09 [main] INFO  o.o.u.service.VESAdapterInitializer - ALLUSERSPROFILE:C:\ProgramData
2018-08-07 15:48:09 [main] INFO  o.o.u.service.VESAdapterInitializer - PROGRAMFILES(X86):C:\Program Files (x86)
2018-08-07 15:48:09 [main] INFO  o.o.u.service.VESAdapterInitializer - PROCESSOR_ARCHITECTURE:AMD64
2018-08-07 15:48:09 [main] INFO  o.o.u.service.VESAdapterInitializer - DEFLOGDIR:C:\ProgramData\McAfee\Endpoint Security\Logs
2018-08-07 15:48:09 [main] INFO  o.o.u.service.VESAdapterInitializer - MAVEN_HOME:D:\SW\apache-maven-3.3.9
2018-08-07 15:48:09 [main] INFO  o.o.u.service.VESAdapterInitializer - PROGRAMFILES:C:\Program Files
2018-08-07 15:48:09 [main] INFO  o.o.u.service.VESAdapterInitializer - APPDATA:C:\Users\AS00500801\AppData\Roaming
2018-08-07 15:48:09 [main] INFO  o.o.u.service.VESAdapterInitializer - PSMODULEPATH:C:\Program Files\WindowsPowerShell\Modules;C:\WINDOWS\system32\WindowsPowerShell\v1.0\Modules
2018-08-07 15:48:09 [main] INFO  o.o.u.service.VESAdapterInitializer - PROGRAMW6432:C:\Program Files
2018-08-07 15:48:09 [main] INFO  o.o.u.service.VESAdapterInitializer - PROGRAMDATA:C:\ProgramData
2018-08-07 15:48:09 [main] INFO  o.o.u.service.VESAdapterInitializer - SYSTEMROOT:C:\WINDOWS
2018-08-07 15:48:09 [main] INFO  o.o.u.service.VESAdapterInitializer - USERNAME:AS00500801
2018-08-07 15:48:09 [main] INFO  o.o.u.service.VESAdapterInitializer - USERDNSDOMAIN:TECHMAHINDRA.COM
2018-08-07 15:48:09 [main] INFO  o.o.u.service.VESAdapterInitializer - VBOX_MSI_INSTALL_PATH:C:\Program Files\Oracle\VirtualBox\
2018-08-07 15:48:09 [main] INFO  o.o.u.service.VESAdapterInitializer - FPS_BROWSER_USER_PROFILE_STRING:Default
2018-08-07 15:48:09 [main] INFO  o.o.u.service.VESAdapterInitializer - ONEDRIVE:C:\Users\AS00500801\OneDrive
2018-08-07 15:48:09 [main] INFO  o.o.u.service.VESAdapterInitializer - PATHEXT:.COM;.EXE;.BAT;.CMD;.VBS;.VBE;.JS;.JSE;.WSF;.WSH;.MSC
2018-08-07 15:48:09 [main] INFO  o.o.u.service.VESAdapterInitializer - NEXTHINK:C:\Program Files\Nexthink
2018-08-07 15:48:09 [main] INFO  o.o.u.service.VESAdapterInitializer - OS:Windows_NT
2018-08-07 15:48:09 [main] INFO  o.o.u.service.VESAdapterInitializer - COMMONPROGRAMW6432:C:\Program Files\Common Files
2018-08-07 15:48:09 [main] INFO  o.o.u.service.VESAdapterInitializer - COMPUTERNAME:INPUSCPC07276
2018-08-07 15:48:09 [main] INFO  o.o.u.service.VESAdapterInitializer - COMMONPROGRAMFILES:C:\Program Files\Common Files
2018-08-07 15:48:09 [main] INFO  o.o.u.service.VESAdapterInitializer - COMSPEC:C:\WINDOWS\system32\cmd.exe
2018-08-07 15:48:09 [main] INFO  o.o.u.service.VESAdapterInitializer - PROCESSOR_REVISION:5e03
2018-08-07 15:48:09 [main] INFO  o.o.u.service.VESAdapterInitializer - UATDATA:C:\WINDOWS\CCM\UATData\D9F8C395-CAB8-491d-B8AC-179A1FE1BE77
2018-08-07 15:48:09 [main] INFO  o.o.u.service.VESAdapterInitializer - WINDIR:C:\WINDOWS
2018-08-07 15:48:09 [main] INFO  o.o.u.service.VESAdapterInitializer - HOMEPATH:\Users\AS00500801
2018-08-07 15:48:09 [main] INFO  o.o.u.service.VESAdapterInitializer - TEMP:C:\Users\AS0050~1\AppData\Local\Temp
2018-08-07 15:48:09 [main] INFO  o.o.u.service.VESAdapterInitializer - HOMEDRIVE:C:
2018-08-07 15:48:09 [main] INFO  o.o.u.service.VESAdapterInitializer - PROCESSOR_IDENTIFIER:Intel64 Family 6 Model 94 Stepping 3, GenuineIntel
2018-08-07 15:48:09 [main] INFO  o.o.u.service.VESAdapterInitializer - USERPROFILE:C:\Users\AS00500801
2018-08-07 15:48:09 [main] INFO  o.o.u.service.VESAdapterInitializer - TMP:C:\Users\AS0050~1\AppData\Local\Temp
2018-08-07 15:48:09 [main] INFO  o.o.u.service.VESAdapterInitializer - M2_HOME:D:\SW\apache-maven-3.3.9
2018-08-07 15:48:09 [main] INFO  o.o.u.service.VESAdapterInitializer - PUBLIC:C:\Users\Public
2018-08-07 15:48:09 [main] INFO  o.o.u.service.VESAdapterInitializer - NUMBER_OF_PROCESSORS:4
2018-08-07 15:48:09 [main] INFO  o.o.u.service.VESAdapterInitializer - >>>Static configuration to be used
2018-08-07 15:50:48 [main] INFO  o.o.u.utils.SmooksUtils - Transforming incoming json 
2018-08-07 15:50:49 [main] INFO  o.o.u.utils.SmooksUtils - Context created
2018-08-07 15:50:49 [main] DEBUG o.o.u.utils.SmooksUtils - consversion successful to VES Event
2018-08-07 15:51:13 [main] INFO  o.o.u.service.VESAdapterInitializer - Retrieving data from DB
2018-08-07 15:51:13 [main] INFO  o.o.u.service.VESAdapterInitializer - DB Initialization Completed...2
2018-08-07 15:51:13 [main] INFO  o.o.u.service.VESAdapterInitializer - PATH:C:\Program Files\Java\jdk1.8.0_171\jre\bin;C:/Program Files/Java/jre1.8.0_171/bin/server;C:/Program Files/Java/jre1.8.0_171/bin;C:/Program Files/Java/jre1.8.0_171/lib/amd64;C:\Program Files (x86)\Common Files\Oracle\Java\javapath;C:\WINDOWS\system32;C:\WINDOWS;C:\WINDOWS\System32\Wbem;C:\WINDOWS\System32\WindowsPowerShell\v1.0\;C:\WINDOWS\CCM;C:\Program Files\PuTTY\;C:\Program Files\Java\jdk1.8.0_171\bin;D:\SW\apache-maven-3.3.9\bin;D:\SW\SW_In_Installation\Git\cmd;C:\Users\AS00500801\AppData\Local\Microsoft\WindowsApps;;D:\SW\STS\sts-bundle\sts-3.9.3.RELEASE;
2018-08-07 15:51:13 [main] INFO  o.o.u.service.VESAdapterInitializer - USERDOMAIN_ROAMINGPROFILE:TECHMAHINDRA
2018-08-07 15:51:13 [main] INFO  o.o.u.service.VESAdapterInitializer - LOCALAPPDATA:C:\Users\AS00500801\AppData\Local
2018-08-07 15:51:13 [main] INFO  o.o.u.service.VESAdapterInitializer - PROCESSOR_LEVEL:6
2018-08-07 15:51:13 [main] INFO  o.o.u.service.VESAdapterInitializer - SYSTEMDRIVE:C:
2018-08-07 15:51:13 [main] INFO  o.o.u.service.VESAdapterInitializer - COMMONPROGRAMFILES(X86):C:\Program Files (x86)\Common Files
2018-08-07 15:51:13 [main] INFO  o.o.u.service.VESAdapterInitializer - USERDOMAIN:TECHMAHINDRA
2018-08-07 15:51:13 [main] INFO  o.o.u.service.VESAdapterInitializer - FPS_BROWSER_APP_PROFILE_STRING:Internet Explorer
2018-08-07 15:51:13 [main] INFO  o.o.u.service.VESAdapterInitializer - LOGONSERVER:\\INPUSCSVDC003
2018-08-07 15:51:13 [main] INFO  o.o.u.service.VESAdapterInitializer - JAVA_HOME:C:\Program Files\Java\jdk1.8.0_171
2018-08-07 15:51:13 [main] INFO  o.o.u.service.VESAdapterInitializer - PROMPT:$P$G
2018-08-07 15:51:13 [main] INFO  o.o.u.service.VESAdapterInitializer - SESSIONNAME:Console
2018-08-07 15:51:13 [main] INFO  o.o.u.service.VESAdapterInitializer - ALLUSERSPROFILE:C:\ProgramData
2018-08-07 15:51:13 [main] INFO  o.o.u.service.VESAdapterInitializer - PROGRAMFILES(X86):C:\Program Files (x86)
2018-08-07 15:51:13 [main] INFO  o.o.u.service.VESAdapterInitializer - PROCESSOR_ARCHITECTURE:AMD64
2018-08-07 15:51:13 [main] INFO  o.o.u.service.VESAdapterInitializer - DEFLOGDIR:C:\ProgramData\McAfee\Endpoint Security\Logs
2018-08-07 15:51:13 [main] INFO  o.o.u.service.VESAdapterInitializer - MAVEN_HOME:D:\SW\apache-maven-3.3.9
2018-08-07 15:51:13 [main] INFO  o.o.u.service.VESAdapterInitializer - PROGRAMFILES:C:\Program Files
2018-08-07 15:51:13 [main] INFO  o.o.u.service.VESAdapterInitializer - APPDATA:C:\Users\AS00500801\AppData\Roaming
2018-08-07 15:51:13 [main] INFO  o.o.u.service.VESAdapterInitializer - PSMODULEPATH:C:\Program Files\WindowsPowerShell\Modules;C:\WINDOWS\system32\WindowsPowerShell\v1.0\Modules
2018-08-07 15:51:13 [main] INFO  o.o.u.service.VESAdapterInitializer - PROGRAMW6432:C:\Program Files
2018-08-07 15:51:13 [main] INFO  o.o.u.service.VESAdapterInitializer - PROGRAMDATA:C:\ProgramData
2018-08-07 15:51:13 [main] INFO  o.o.u.service.VESAdapterInitializer - SYSTEMROOT:C:\WINDOWS
2018-08-07 15:51:13 [main] INFO  o.o.u.service.VESAdapterInitializer - USERNAME:AS00500801
2018-08-07 15:51:13 [main] INFO  o.o.u.service.VESAdapterInitializer - USERDNSDOMAIN:TECHMAHINDRA.COM
2018-08-07 15:51:13 [main] INFO  o.o.u.service.VESAdapterInitializer - VBOX_MSI_INSTALL_PATH:C:\Program Files\Oracle\VirtualBox\
2018-08-07 15:51:13 [main] INFO  o.o.u.service.VESAdapterInitializer - FPS_BROWSER_USER_PROFILE_STRING:Default
2018-08-07 15:51:13 [main] INFO  o.o.u.service.VESAdapterInitializer - ONEDRIVE:C:\Users\AS00500801\OneDrive
2018-08-07 15:51:13 [main] INFO  o.o.u.service.VESAdapterInitializer - PATHEXT:.COM;.EXE;.BAT;.CMD;.VBS;.VBE;.JS;.JSE;.WSF;.WSH;.MSC
2018-08-07 15:51:13 [main] INFO  o.o.u.service.VESAdapterInitializer - NEXTHINK:C:\Program Files\Nexthink
2018-08-07 15:51:13 [main] INFO  o.o.u.service.VESAdapterInitializer - OS:Windows_NT
2018-08-07 15:51:13 [main] INFO  o.o.u.service.VESAdapterInitializer - COMMONPROGRAMW6432:C:\Program Files\Common Files
2018-08-07 15:51:13 [main] INFO  o.o.u.service.VESAdapterInitializer - COMPUTERNAME:INPUSCPC07276
2018-08-07 15:51:13 [main] INFO  o.o.u.service.VESAdapterInitializer - COMMONPROGRAMFILES:C:\Program Files\Common Files
2018-08-07 15:51:13 [main] INFO  o.o.u.service.VESAdapterInitializer - COMSPEC:C:\WINDOWS\system32\cmd.exe
2018-08-07 15:51:13 [main] INFO  o.o.u.service.VESAdapterInitializer - PROCESSOR_REVISION:5e03
2018-08-07 15:51:13 [main] INFO  o.o.u.service.VESAdapterInitializer - UATDATA:C:\WINDOWS\CCM\UATData\D9F8C395-CAB8-491d-B8AC-179A1FE1BE77
2018-08-07 15:51:13 [main] INFO  o.o.u.service.VESAdapterInitializer - WINDIR:C:\WINDOWS
2018-08-07 15:51:13 [main] INFO  o.o.u.service.VESAdapterInitializer - HOMEPATH:\Users\AS00500801
2018-08-07 15:51:13 [main] INFO  o.o.u.service.VESAdapterInitializer - TEMP:C:\Users\AS0050~1\AppData\Local\Temp
2018-08-07 15:51:13 [main] INFO  o.o.u.service.VESAdapterInitializer - HOMEDRIVE:C:
2018-08-07 15:51:13 [main] INFO  o.o.u.service.VESAdapterInitializer - PROCESSOR_IDENTIFIER:Intel64 Family 6 Model 94 Stepping 3, GenuineIntel
2018-08-07 15:51:13 [main] INFO  o.o.u.service.VESAdapterInitializer - USERPROFILE:C:\Users\AS00500801
2018-08-07 15:51:13 [main] INFO  o.o.u.service.VESAdapterInitializer - TMP:C:\Users\AS0050~1\AppData\Local\Temp
2018-08-07 15:51:13 [main] INFO  o.o.u.service.VESAdapterInitializer - M2_HOME:D:\SW\apache-maven-3.3.9
2018-08-07 15:51:13 [main] INFO  o.o.u.service.VESAdapterInitializer - PUBLIC:C:\Users\Public
2018-08-07 15:51:13 [main] INFO  o.o.u.service.VESAdapterInitializer - NUMBER_OF_PROCESSORS:4
2018-08-07 15:51:13 [main] INFO  o.o.u.service.VESAdapterInitializer - >>>Static configuration to be used
2018-08-07 15:53:24 [main] INFO  o.o.u.utils.SmooksUtils - Transforming incoming json 
2018-08-07 15:53:24 [main] INFO  o.o.u.utils.SmooksUtils - Context created
2018-08-07 15:53:24 [main] DEBUG o.o.u.utils.SmooksUtils - consversion successful to VES Event
