2019-02-14T12:25:31.959+00:00|2019-02-14T12:25:31.959+00:00|NULL|UNKNOWN|http-nio-8085-exec-1||universalvesadpter||||COMPLETE|0|OK||INFO ||||||||||||||o.o.u.controller.VesController:start:55: UniversalVesAdapter Application starting...
2019-02-14T12:39:23.163+00:00|2019-02-14T12:39:23.163+00:00|NULL|UNKNOWN|http-nio-8085-exec-2||universalvesadpter||||COMPLETE|0|OK||INFO ||||||||||||||o.o.u.controller.VesController:start:55: UniversalVesAdapter Application starting...
2019-02-14T12:39:23.580+00:00|2019-02-14T12:39:23.580+00:00|NULL|UNKNOWN|ONAP-COLLECTOR-SNMPTRAP||universalvesadpter||||COMPLETE|0|OK||INFO ||||||||||||||o.o.u.service.VesService$1:run:91: fetch and publish from and to Dmaap started:ONAP-COLLECTOR-SNMPTRAP
2019-02-14T12:39:23.590+00:00|2019-02-14T12:39:23.590+00:00|NULL|UNKNOWN|ONAP-COLLECTOR-RESTCONFTRAP||universalvesadpter||||COMPLETE|0|OK||INFO ||||||||||||||o.o.u.service.VesService$1:run:91: fetch and publish from and to Dmaap started:ONAP-COLLECTOR-RESTCONFTRAP
2019-02-14T12:39:52.715+00:00|2019-02-14T12:39:52.715+00:00|NULL|UNKNOWN|ONAP-COLLECTOR-RESTCONFTRAP||universalvesadpter||||COMPLETE|0|OK||INFO ||||||||||||||o.o.u.service.VesService$1:run:118: Message successfully published to DMaaP Topic
2019-02-14T12:39:54.933+00:00|2019-02-14T12:39:54.933+00:00|NULL|UNKNOWN|ONAP-COLLECTOR-SNMPTRAP||universalvesadpter||||COMPLETE|0|OK||INFO ||||||||||||||o.o.u.service.VesService$1:run:118: Message successfully published to DMaaP Topic
2019-02-14T13:23:47.298+00:00|2019-02-14T13:23:47.298+00:00|NULL|UNKNOWN|http-nio-8085-exec-1||universalvesadpter||||COMPLETE|0|OK||INFO ||||||||||||||o.o.u.controller.VesController:start:55: UniversalVesAdapter Application starting...
2019-02-14T13:23:47.727+00:00|2019-02-14T13:23:47.727+00:00|NULL|UNKNOWN|ONAP-COLLECTOR-SNMPTRAP||universalvesadpter||||COMPLETE|0|OK||INFO ||||||||||||||o.o.u.service.VesService$1:run:91: fetch and publish from and to Dmaap started:ONAP-COLLECTOR-SNMPTRAP
2019-02-14T13:23:47.737+00:00|2019-02-14T13:23:47.737+00:00|NULL|UNKNOWN|ONAP-COLLECTOR-RESTCONFTRAP||universalvesadpter||||COMPLETE|0|OK||INFO ||||||||||||||o.o.u.service.VesService$1:run:91: fetch and publish from and to Dmaap started:ONAP-COLLECTOR-RESTCONFTRAP
2019-02-14T13:29:26.954+00:00|2019-02-14T13:29:26.954+00:00|NULL|UNKNOWN|http-nio-8085-exec-1||universalvesadpter||||COMPLETE|0|OK||INFO ||||||||||||||o.o.u.controller.VesController:start:55: UniversalVesAdapter Application starting...
2019-02-14T13:29:27.355+00:00|2019-02-14T13:29:27.355+00:00|NULL|UNKNOWN|ONAP-COLLECTOR-SNMPTRAP||universalvesadpter||||COMPLETE|0|OK||INFO ||||||||||||||o.o.u.service.VesService$1:run:91: fetch and publish from and to Dmaap started:ONAP-COLLECTOR-SNMPTRAP
2019-02-14T13:29:27.364+00:00|2019-02-14T13:29:27.364+00:00|NULL|UNKNOWN|ONAP-COLLECTOR-RESTCONFTRAP||universalvesadpter||||COMPLETE|0|OK||INFO ||||||||||||||o.o.u.service.VesService$1:run:91: fetch and publish from and to Dmaap started:ONAP-COLLECTOR-RESTCONFTRAP
2019-02-14T13:29:56.472+00:00|2019-02-14T13:29:56.472+00:00|NULL|UNKNOWN|ONAP-COLLECTOR-RESTCONFTRAP||universalvesadpter||||COMPLETE|0|OK||INFO ||||||||||||||o.o.u.service.VesService$1:run:118: Message successfully published to DMaaP Topic
2019-02-14T13:30:08.055+00:00|2019-02-14T13:30:08.055+00:00|NULL|UNKNOWN|ONAP-COLLECTOR-SNMPTRAP||universalvesadpter||||COMPLETE|0|OK||INFO ||||||||||||||o.o.u.service.VesService$1:run:118: Message successfully published to DMaaP Topic
2019-02-14T13:31:45.302+00:00|2019-02-14T13:31:45.302+00:00|NULL|UNKNOWN|ONAP-COLLECTOR-RESTCONFTRAP||universalvesadpter||||COMPLETE|0|OK||INFO ||||||||||||||o.o.u.service.VesService$1:run:118: Message successfully published to DMaaP Topic
2019-02-14T13:34:27.158+00:00|2019-02-14T13:34:27.158+00:00|NULL|UNKNOWN|http-nio-8085-exec-1||universalvesadpter||||COMPLETE|0|OK||INFO ||||||||||||||o.o.u.controller.VesController:start:55: UniversalVesAdapter Application starting...
2019-02-14T13:34:27.572+00:00|2019-02-14T13:34:27.572+00:00|NULL|UNKNOWN|ONAP-COLLECTOR-SNMPTRAP||universalvesadpter||||COMPLETE|0|OK||INFO ||||||||||||||o.o.u.service.VesService$1:run:91: fetch and publish from and to Dmaap started:ONAP-COLLECTOR-SNMPTRAP
2019-02-14T13:34:27.582+00:00|2019-02-14T13:34:27.582+00:00|NULL|UNKNOWN|ONAP-COLLECTOR-RESTCONFTRAP||universalvesadpter||||COMPLETE|0|OK||INFO ||||||||||||||o.o.u.service.VesService$1:run:91: fetch and publish from and to Dmaap started:ONAP-COLLECTOR-RESTCONFTRAP
2019-02-14T13:46:06.648+00:00|2019-02-14T13:46:06.648+00:00|NULL|UNKNOWN|http-nio-8085-exec-1||universalvesadpter||||COMPLETE|0|OK||INFO ||||||||||||||o.o.u.controller.VesController:start:55: UniversalVesAdapter Application starting...
2019-02-14T13:46:07.070+00:00|2019-02-14T13:46:07.070+00:00|NULL|UNKNOWN|ONAP-COLLECTOR-SNMPTRAP||universalvesadpter||||COMPLETE|0|OK||INFO ||||||||||||||o.o.u.service.VesService$1:run:91: fetch and publish from and to Dmaap started:ONAP-COLLECTOR-SNMPTRAP
2019-02-14T13:46:07.079+00:00|2019-02-14T13:46:07.079+00:00|NULL|UNKNOWN|ONAP-COLLECTOR-RESTCONFTRAP||universalvesadpter||||COMPLETE|0|OK||INFO ||||||||||||||o.o.u.service.VesService$1:run:91: fetch and publish from and to Dmaap started:ONAP-COLLECTOR-RESTCONFTRAP
2019-02-14T13:48:38.274+00:00|2019-02-14T13:48:38.274+00:00|NULL|UNKNOWN|http-nio-8085-exec-1||universalvesadpter||||COMPLETE|0|OK||INFO ||||||||||||||o.o.u.controller.VesController:start:55: UniversalVesAdapter Application starting...
2019-02-14T13:48:38.687+00:00|2019-02-14T13:48:38.687+00:00|NULL|UNKNOWN|ONAP-COLLECTOR-SNMPTRAP||universalvesadpter||||COMPLETE|0|OK||INFO ||||||||||||||o.o.u.service.VesService$1:run:91: fetch and publish from and to Dmaap started:ONAP-COLLECTOR-SNMPTRAP
2019-02-14T13:48:38.696+00:00|2019-02-14T13:48:38.696+00:00|NULL|UNKNOWN|ONAP-COLLECTOR-RESTCONFTRAP||universalvesadpter||||COMPLETE|0|OK||INFO ||||||||||||||o.o.u.service.VesService$1:run:91: fetch and publish from and to Dmaap started:ONAP-COLLECTOR-RESTCONFTRAP
2019-02-14T13:50:42.123+00:00|2019-02-14T13:50:42.123+00:00|NULL|UNKNOWN|http-nio-8085-exec-1||universalvesadpter||||COMPLETE|0|OK||INFO ||||||||||||||o.o.u.controller.VesController:start:55: UniversalVesAdapter Application starting...
2019-02-14T13:50:42.551+00:00|2019-02-14T13:50:42.551+00:00|NULL|UNKNOWN|ONAP-COLLECTOR-SNMPTRAP||universalvesadpter||||COMPLETE|0|OK||INFO ||||||||||||||o.o.u.service.VesService$1:run:91: fetch and publish from and to Dmaap started:ONAP-COLLECTOR-SNMPTRAP
2019-02-14T13:50:42.563+00:00|2019-02-14T13:50:42.563+00:00|NULL|UNKNOWN|ONAP-COLLECTOR-RESTCONFTRAP||universalvesadpter||||COMPLETE|0|OK||INFO ||||||||||||||o.o.u.service.VesService$1:run:91: fetch and publish from and to Dmaap started:ONAP-COLLECTOR-RESTCONFTRAP
2019-02-14T13:53:30.332+00:00|2019-02-14T13:53:30.332+00:00|NULL|UNKNOWN|http-nio-8085-exec-1||universalvesadpter||||COMPLETE|0|OK||INFO ||||||||||||||o.o.u.controller.VesController:start:55: UniversalVesAdapter Application starting...
2019-02-14T13:53:30.768+00:00|2019-02-14T13:53:30.768+00:00|NULL|UNKNOWN|ONAP-COLLECTOR-SNMPTRAP||universalvesadpter||||COMPLETE|0|OK||INFO ||||||||||||||o.o.u.service.VesService$1:run:91: fetch and publish from and to Dmaap started:ONAP-COLLECTOR-SNMPTRAP
2019-02-14T13:53:30.784+00:00|2019-02-14T13:53:30.784+00:00|NULL|UNKNOWN|ONAP-COLLECTOR-RESTCONFTRAP||universalvesadpter||||COMPLETE|0|OK||INFO ||||||||||||||o.o.u.service.VesService$1:run:91: fetch and publish from and to Dmaap started:ONAP-COLLECTOR-RESTCONFTRAP
2019-02-14T13:57:28.957+00:00|2019-02-14T13:57:28.957+00:00|NULL|UNKNOWN|http-nio-8085-exec-1||universalvesadpter||||COMPLETE|0|OK||INFO ||||||||||||||o.o.u.controller.VesController:start:55: UniversalVesAdapter Application starting...
2019-02-14T13:57:29.414+00:00|2019-02-14T13:57:29.414+00:00|NULL|UNKNOWN|ONAP-COLLECTOR-SNMPTRAP||universalvesadpter||||COMPLETE|0|OK||INFO ||||||||||||||o.o.u.service.VesService$1:run:91: fetch and publish from and to Dmaap started:ONAP-COLLECTOR-SNMPTRAP
2019-02-14T13:57:29.423+00:00|2019-02-14T13:57:29.423+00:00|NULL|UNKNOWN|ONAP-COLLECTOR-RESTCONFTRAP||universalvesadpter||||COMPLETE|0|OK||INFO ||||||||||||||o.o.u.service.VesService$1:run:91: fetch and publish from and to Dmaap started:ONAP-COLLECTOR-RESTCONFTRAP
2019-02-14T14:02:42.534+00:00|2019-02-14T14:02:42.534+00:00|NULL|UNKNOWN|http-nio-8085-exec-1||universalvesadpter||||COMPLETE|0|OK||INFO ||||||||||||||o.o.u.controller.VesController:start:55: UniversalVesAdapter Application starting...
2019-02-14T14:02:42.944+00:00|2019-02-14T14:02:42.944+00:00|NULL|UNKNOWN|ONAP-COLLECTOR-SNMPTRAP||universalvesadpter||||COMPLETE|0|OK||INFO ||||||||||||||o.o.u.service.VesService$1:run:91: fetch and publish from and to Dmaap started:ONAP-COLLECTOR-SNMPTRAP
2019-02-14T14:02:42.954+00:00|2019-02-14T14:02:42.954+00:00|NULL|UNKNOWN|ONAP-COLLECTOR-RESTCONFTRAP||universalvesadpter||||COMPLETE|0|OK||INFO ||||||||||||||o.o.u.service.VesService$1:run:91: fetch and publish from and to Dmaap started:ONAP-COLLECTOR-RESTCONFTRAP
2019-02-14T14:03:04.271+00:00|2019-02-14T14:03:04.271+00:00|NULL|UNKNOWN|ONAP-COLLECTOR-RESTCONFTRAP||universalvesadpter||||COMPLETE|0|OK||INFO ||||||||||||||o.o.u.service.VesService$1:run:118: Message successfully published to DMaaP Topic
2019-02-14T14:03:23.669+00:00|2019-02-14T14:03:23.669+00:00|NULL|UNKNOWN|ONAP-COLLECTOR-SNMPTRAP||universalvesadpter||||COMPLETE|0|OK||INFO ||||||||||||||o.o.u.service.VesService$1:run:118: Message successfully published to DMaaP Topic
