2018-10-01 12:04:12 [main] INFO  o.o.u.utils.SmooksUtils - Transforming incoming json 
2018-10-01 12:04:12 [main] INFO  o.o.u.utils.SmooksUtils - Context created
2018-10-01 12:04:12 [main] DEBUG o.o.u.utils.SmooksUtils - consversion successful to VES Event
2018-10-01 14:24:49 [main] INFO  o.o.u.utils.SmooksUtils - Transforming incoming json 
2018-10-01 14:24:49 [main] INFO  o.o.u.utils.SmooksUtils - Context created
2018-10-01 14:24:49 [main] DEBUG o.o.u.utils.SmooksUtils - consversion successful to VES Event
2018-10-01 14:32:42 [main] INFO  o.o.u.utils.SmooksUtils - Transforming incoming json 
2018-10-01 14:32:42 [main] INFO  o.o.u.utils.SmooksUtils - Context created
2018-10-01 14:32:42 [main] DEBUG o.o.u.utils.SmooksUtils - consversion successful to VES Event
2018-10-01 14:46:02 [main] INFO  o.o.u.utils.SmooksUtils - Transforming incoming json 
2018-10-01 14:46:02 [main] INFO  o.o.u.utils.SmooksUtils - Context created
2018-10-01 14:46:02 [main] DEBUG o.o.u.utils.SmooksUtils - consversion successful to VES Event
2018-10-01 15:02:35 [main] INFO  o.o.u.utils.SmooksUtils - Transforming incoming json 
2018-10-01 15:02:36 [main] INFO  o.o.u.utils.SmooksUtils - Context created
2018-10-01 15:02:36 [main] DEBUG o.o.u.utils.SmooksUtils - consversion successful to VES Event
2018-10-01 15:13:45 [main] INFO  o.o.u.utils.SmooksUtils - Transforming incoming json 
2018-10-01 15:13:45 [main] INFO  o.o.u.utils.SmooksUtils - Context created
2018-10-01 15:13:45 [main] DEBUG o.o.u.utils.SmooksUtils - consversion successful to VES Event
2018-10-01 15:55:14 [main] INFO  o.o.u.utils.SmooksUtils - Transforming incoming json 
2018-10-01 15:55:14 [main] INFO  o.o.u.utils.SmooksUtils - Context created
2018-10-01 15:55:15 [main] DEBUG o.o.u.utils.SmooksUtils - consversion successful to VES Event
2018-10-01 15:59:52 [main] INFO  o.o.u.utils.SmooksUtils - Transforming incoming json 
2018-10-01 15:59:53 [main] INFO  o.o.u.utils.SmooksUtils - Context created
2018-10-01 15:59:53 [main] DEBUG o.o.u.utils.SmooksUtils - consversion successful to VES Event
2018-10-01 17:10:46 [main] INFO  o.o.u.utils.SmooksUtils - Transforming incoming json 
2018-10-01 17:10:46 [main] INFO  o.o.u.utils.SmooksUtils - Context created
2018-10-01 17:10:46 [main] DEBUG o.o.u.utils.SmooksUtils - consversion successful to VES Event
2018-10-01 17:12:58 [main] INFO  o.o.u.utils.SmooksUtils - Transforming incoming json 
2018-10-01 17:12:58 [main] INFO  o.o.u.utils.SmooksUtils - Context created
2018-10-01 17:12:58 [main] DEBUG o.o.u.utils.SmooksUtils - consversion successful to VES Event
2018-10-01 17:15:25 [main] INFO  o.o.u.utils.SmooksUtils - Transforming incoming json 
2018-10-01 17:15:25 [main] INFO  o.o.u.utils.SmooksUtils - Context created
2018-10-01 17:15:25 [main] DEBUG o.o.u.utils.SmooksUtils - consversion successful to VES Event
2018-10-01 17:19:21 [main] INFO  o.o.u.utils.SmooksUtils - Transforming incoming json 
2018-10-01 17:19:21 [main] INFO  o.o.u.utils.SmooksUtils - Context created
2018-10-01 17:19:21 [main] DEBUG o.o.u.utils.SmooksUtils - consversion successful to VES Event
2018-10-01 17:34:01 [main] INFO  o.o.u.utils.SmooksUtils - Transforming incoming json 
2018-10-01 17:34:01 [main] INFO  o.o.u.utils.SmooksUtils - Context created
2018-10-01 17:34:01 [main] DEBUG o.o.u.utils.SmooksUtils - consversion successful to VES Event
2018-10-01 17:36:26 [main] INFO  o.o.u.utils.SmooksUtils - Transforming incoming json 
2018-10-01 17:36:26 [main] INFO  o.o.u.utils.SmooksUtils - Context created
2018-10-01 17:36:26 [main] DEBUG o.o.u.utils.SmooksUtils - consversion successful to VES Event
2018-10-01 17:38:39 [main] INFO  o.o.u.utils.SmooksUtils - Transforming incoming json 
2018-10-01 17:38:39 [main] INFO  o.o.u.utils.SmooksUtils - Context created
2018-10-01 17:38:39 [main] DEBUG o.o.u.utils.SmooksUtils - consversion successful to VES Event
2018-10-01 17:42:21 [main] INFO  o.o.u.utils.SmooksUtils - Transforming incoming json 
2018-10-01 17:42:21 [main] INFO  o.o.u.utils.SmooksUtils - Context created
2018-10-01 17:42:21 [main] DEBUG o.o.u.utils.SmooksUtils - consversion successful to VES Event
2018-10-01 17:55:56 [main] INFO  o.o.u.utils.SmooksUtils - Transforming incoming json 
2018-10-01 17:55:56 [main] INFO  o.o.u.utils.SmooksUtils - Context created
2018-10-01 17:55:56 [main] DEBUG o.o.u.utils.SmooksUtils - consversion successful to VES Event
2018-10-01 17:58:23 [main] INFO  o.o.u.utils.SmooksUtils - Transforming incoming json 
2018-10-01 17:58:23 [main] INFO  o.o.u.utils.SmooksUtils - Context created
2018-10-01 17:58:23 [main] DEBUG o.o.u.utils.SmooksUtils - consversion successful to VES Event
2018-10-01 18:02:28 [main] INFO  o.o.u.utils.SmooksUtils - Transforming incoming json 
2018-10-01 18:02:28 [main] INFO  o.o.u.utils.SmooksUtils - Context created
2018-10-01 18:02:28 [main] DEBUG o.o.u.utils.SmooksUtils - consversion successful to VES Event
2018-10-01 18:04:35 [main] INFO  o.o.u.utils.SmooksUtils - Transforming incoming json 
2018-10-01 18:04:35 [main] INFO  o.o.u.utils.SmooksUtils - Context created
2018-10-01 18:04:35 [main] DEBUG o.o.u.utils.SmooksUtils - consversion successful to VES Event
2018-10-01 18:06:57 [main] INFO  o.o.u.utils.SmooksUtils - Transforming incoming json 
2018-10-01 18:06:58 [main] INFO  o.o.u.utils.SmooksUtils - Context created
2018-10-01 18:06:58 [main] DEBUG o.o.u.utils.SmooksUtils - consversion successful to VES Event
2018-10-01 18:09:31 [main] INFO  o.o.u.utils.SmooksUtils - Transforming incoming json 
2018-10-01 18:09:31 [main] INFO  o.o.u.utils.SmooksUtils - Context created
2018-10-01 18:09:31 [main] DEBUG o.o.u.utils.SmooksUtils - consversion successful to VES Event
2018-10-01 18:13:03 [main] INFO  o.o.u.utils.SmooksUtils - Transforming incoming json 
2018-10-01 18:13:03 [main] INFO  o.o.u.utils.SmooksUtils - Context created
2018-10-01 18:13:03 [main] DEBUG o.o.u.utils.SmooksUtils - consversion successful to VES Event
2018-10-01 18:39:31 [main] INFO  o.o.u.utils.SmooksUtils - Transforming incoming json 
2018-10-01 18:39:31 [main] INFO  o.o.u.utils.SmooksUtils - Context created
2018-10-01 18:39:31 [main] DEBUG o.o.u.utils.SmooksUtils - consversion successful to VES Event
2018-10-01 18:48:44 [main] INFO  o.o.u.utils.SmooksUtils - Transforming incoming json 
2018-10-01 18:48:44 [main] INFO  o.o.u.utils.SmooksUtils - Context created
2018-10-01 18:48:44 [main] DEBUG o.o.u.utils.SmooksUtils - consversion successful to VES Event
2018-10-01 18:51:29 [main] INFO  o.o.u.utils.SmooksUtils - Transforming incoming json 
2018-10-01 18:51:29 [main] INFO  o.o.u.utils.SmooksUtils - Context created
2018-10-01 18:51:29 [main] DEBUG o.o.u.utils.SmooksUtils - consversion successful to VES Event
2018-10-01 18:55:07 [main] INFO  o.o.u.utils.SmooksUtils - Transforming incoming json 
2018-10-01 18:55:07 [main] INFO  o.o.u.utils.SmooksUtils - Context created
2018-10-01 18:55:07 [main] DEBUG o.o.u.utils.SmooksUtils - consversion successful to VES Event
2018-10-01 19:00:17 [main] INFO  o.o.u.utils.SmooksUtils - Transforming incoming json 
2018-10-01 19:00:17 [main] INFO  o.o.u.utils.SmooksUtils - Context created
2018-10-01 19:00:17 [main] DEBUG o.o.u.utils.SmooksUtils - consversion successful to VES Event
2018-10-01 19:41:21 [main] INFO  o.o.u.utils.SmooksUtils - Transforming incoming json 
2018-10-01 19:41:21 [main] INFO  o.o.u.utils.SmooksUtils - Context created
2018-10-01 19:41:21 [main] DEBUG o.o.u.utils.SmooksUtils - consversion successful to VES Event
2018-10-01 19:46:54 [main] INFO  o.o.u.utils.SmooksUtils - Transforming incoming json 
2018-10-01 19:46:54 [main] INFO  o.o.u.utils.SmooksUtils - Context created
2018-10-01 19:46:54 [main] DEBUG o.o.u.utils.SmooksUtils - consversion successful to VES Event
2018-10-01 19:58:38 [main] INFO  o.o.u.utils.SmooksUtils - Transforming incoming json 
2018-10-01 19:58:38 [main] INFO  o.o.u.utils.SmooksUtils - Context created
2018-10-01 19:58:38 [main] DEBUG o.o.u.utils.SmooksUtils - consversion successful to VES Event
2018-10-01 20:06:40 [main] INFO  o.o.u.utils.SmooksUtils - Transforming incoming json 
2018-10-01 20:06:40 [main] INFO  o.o.u.utils.SmooksUtils - Context created
2018-10-01 20:06:40 [main] DEBUG o.o.u.utils.SmooksUtils - consversion successful to VES Event
2018-10-01 20:15:38 [main] INFO  o.o.u.service.VESAdapterInitializer - USERDOMAIN_ROAMINGPROFILE:TECHMAHINDRA
2018-10-01 20:15:38 [main] INFO  o.o.u.service.VESAdapterInitializer - LOCALAPPDATA:C:\Users\AS00500801\AppData\Local
2018-10-01 20:15:38 [main] INFO  o.o.u.service.VESAdapterInitializer - PROCESSOR_LEVEL:6
2018-10-01 20:15:38 [main] INFO  o.o.u.service.VESAdapterInitializer - USERDOMAIN:TECHMAHINDRA
2018-10-01 20:15:38 [main] INFO  o.o.u.service.VESAdapterInitializer - FPS_BROWSER_APP_PROFILE_STRING:Internet Explorer
2018-10-01 20:15:38 [main] INFO  o.o.u.service.VESAdapterInitializer - LOGONSERVER:\\INPUSCSVDC004
2018-10-01 20:15:38 [main] INFO  o.o.u.service.VESAdapterInitializer - JAVA_HOME:C:\Program Files\Java\jdk1.8.0_171
2018-10-01 20:15:38 [main] INFO  o.o.u.service.VESAdapterInitializer - SESSIONNAME:Console
2018-10-01 20:15:38 [main] INFO  o.o.u.service.VESAdapterInitializer - ALLUSERSPROFILE:C:\ProgramData
2018-10-01 20:15:38 [main] INFO  o.o.u.service.VESAdapterInitializer - PROCESSOR_ARCHITECTURE:AMD64
2018-10-01 20:15:38 [main] INFO  o.o.u.service.VESAdapterInitializer - PSModulePath:C:\Program Files\WindowsPowerShell\Modules;C:\WINDOWS\system32\WindowsPowerShell\v1.0\Modules
2018-10-01 20:15:38 [main] INFO  o.o.u.service.VESAdapterInitializer - SystemDrive:C:
2018-10-01 20:15:38 [main] INFO  o.o.u.service.VESAdapterInitializer - DEFLOGDIR:C:\ProgramData\McAfee\Endpoint Security\Logs
2018-10-01 20:15:38 [main] INFO  o.o.u.service.VESAdapterInitializer - MAVEN_HOME:D:\SW\apache-maven-3.3.9
2018-10-01 20:15:38 [main] INFO  o.o.u.service.VESAdapterInitializer - OneDrive:C:\Users\AS00500801\OneDrive
2018-10-01 20:15:38 [main] INFO  o.o.u.service.VESAdapterInitializer - =C::C:\
2018-10-01 20:15:38 [main] INFO  o.o.u.service.VESAdapterInitializer - APPDATA:C:\Users\AS00500801\AppData\Roaming
2018-10-01 20:15:38 [main] INFO  o.o.u.service.VESAdapterInitializer - USERNAME:AS00500801
2018-10-01 20:15:38 [main] INFO  o.o.u.service.VESAdapterInitializer - USERDNSDOMAIN:TECHMAHINDRA.COM
2018-10-01 20:15:38 [main] INFO  o.o.u.service.VESAdapterInitializer - ProgramFiles(x86):C:\Program Files (x86)
2018-10-01 20:15:38 [main] INFO  o.o.u.service.VESAdapterInitializer - VBOX_MSI_INSTALL_PATH:C:\Program Files\Oracle\VirtualBox\
2018-10-01 20:15:38 [main] INFO  o.o.u.service.VESAdapterInitializer - CommonProgramFiles:C:\Program Files\Common Files
2018-10-01 20:15:38 [main] INFO  o.o.u.service.VESAdapterInitializer - Path:C:/Program Files/Java/jre1.8.0_171/bin/server;C:/Program Files/Java/jre1.8.0_171/bin;C:/Program Files/Java/jre1.8.0_171/lib/amd64;C:\Program Files (x86)\Common Files\Oracle\Java\javapath;C:\WINDOWS\system32;C:\WINDOWS;C:\WINDOWS\System32\Wbem;C:\WINDOWS\System32\WindowsPowerShell\v1.0\;C:\WINDOWS\CCM;C:\Program Files\PuTTY\;C:\Program Files\Java\jdk1.8.0_171\bin;D:\SW\apache-maven-3.3.9\bin;D:\SW\SW_In_Installation\Git\cmd;C:\Program Files\PostgreSQL\10\bin;C:\Program Files\PostgreSQL\10\lib;C:\Users\AS00500801\AppData\Local\Microsoft\WindowsApps;;D:\SW\STS\sts-bundle\sts-3.9.3.RELEASE;
2018-10-01 20:15:38 [main] INFO  o.o.u.service.VESAdapterInitializer - FPS_BROWSER_USER_PROFILE_STRING:Default
2018-10-01 20:15:38 [main] INFO  o.o.u.service.VESAdapterInitializer - PATHEXT:.COM;.EXE;.BAT;.CMD;.VBS;.VBE;.JS;.JSE;.WSF;.WSH;.MSC
2018-10-01 20:15:38 [main] INFO  o.o.u.service.VESAdapterInitializer - NEXTHINK:C:\Program Files\Nexthink
2018-10-01 20:15:38 [main] INFO  o.o.u.service.VESAdapterInitializer - OS:Windows_NT
2018-10-01 20:15:38 [main] INFO  o.o.u.service.VESAdapterInitializer - COMPUTERNAME:INPUSCPC07276
2018-10-01 20:15:38 [main] INFO  o.o.u.service.VESAdapterInitializer - PROCESSOR_REVISION:5e03
2018-10-01 20:15:38 [main] INFO  o.o.u.service.VESAdapterInitializer - CommonProgramW6432:C:\Program Files\Common Files
2018-10-01 20:15:38 [main] INFO  o.o.u.service.VESAdapterInitializer - ComSpec:C:\WINDOWS\system32\cmd.exe
2018-10-01 20:15:38 [main] INFO  o.o.u.service.VESAdapterInitializer - UATDATA:C:\WINDOWS\CCM\UATData\D9F8C395-CAB8-491d-B8AC-179A1FE1BE77
2018-10-01 20:15:38 [main] INFO  o.o.u.service.VESAdapterInitializer - ProgramData:C:\ProgramData
2018-10-01 20:15:38 [main] INFO  o.o.u.service.VESAdapterInitializer - ProgramW6432:C:\Program Files
2018-10-01 20:15:38 [main] INFO  o.o.u.service.VESAdapterInitializer - HOMEPATH:\Users\AS00500801
2018-10-01 20:15:38 [main] INFO  o.o.u.service.VESAdapterInitializer - SystemRoot:C:\WINDOWS
2018-10-01 20:15:38 [main] INFO  o.o.u.service.VESAdapterInitializer - TEMP:C:\Users\AS0050~1\AppData\Local\Temp
2018-10-01 20:15:38 [main] INFO  o.o.u.service.VESAdapterInitializer - HOMEDRIVE:C:
2018-10-01 20:15:38 [main] INFO  o.o.u.service.VESAdapterInitializer - PROCESSOR_IDENTIFIER:Intel64 Family 6 Model 94 Stepping 3, GenuineIntel
2018-10-01 20:15:38 [main] INFO  o.o.u.service.VESAdapterInitializer - USERPROFILE:C:\Users\AS00500801
2018-10-01 20:15:38 [main] INFO  o.o.u.service.VESAdapterInitializer - TMP:C:\Users\AS0050~1\AppData\Local\Temp
2018-10-01 20:15:38 [main] INFO  o.o.u.service.VESAdapterInitializer - M2_HOME:D:\SW\apache-maven-3.3.9
2018-10-01 20:15:38 [main] INFO  o.o.u.service.VESAdapterInitializer - CommonProgramFiles(x86):C:\Program Files (x86)\Common Files
2018-10-01 20:15:38 [main] INFO  o.o.u.service.VESAdapterInitializer - ProgramFiles:C:\Program Files
2018-10-01 20:15:38 [main] INFO  o.o.u.service.VESAdapterInitializer - PUBLIC:C:\Users\Public
2018-10-01 20:15:38 [main] INFO  o.o.u.service.VESAdapterInitializer - NUMBER_OF_PROCESSORS:4
2018-10-01 20:15:38 [main] INFO  o.o.u.service.VESAdapterInitializer - windir:C:\WINDOWS
2018-10-01 20:15:38 [main] INFO  o.o.u.service.VESAdapterInitializer - =:::::\
2018-10-01 20:15:38 [main] INFO  o.o.u.service.VESAdapterInitializer - >>>Static configuration to be used
2018-10-01 20:15:38 [main] INFO  o.o.u.service.VESAdapterInitializer - The Default Mapping file Location:defaultSnmpMappingFile.xml
2018-10-01 20:15:38 [main] ERROR o.o.u.service.VESAdapterInitializer - Default mapping file defaultSnmpMappingFile.xml is missing
2018-10-01 20:15:38 [main] ERROR o.o.u.service.VESAdapterInitializer - Application stoped due to missing default mapping file
2018-10-01 20:15:38 [main] DEBUG o.o.u.adapter.UniversalEventAdapter - All Smooks objects closed
2018-10-01 20:30:08 [main] INFO  o.o.u.service.VESAdapterInitializer - USERDOMAIN_ROAMINGPROFILE:TECHMAHINDRA
2018-10-01 20:30:08 [main] INFO  o.o.u.service.VESAdapterInitializer - LOCALAPPDATA:C:\Users\AS00500801\AppData\Local
2018-10-01 20:30:08 [main] INFO  o.o.u.service.VESAdapterInitializer - PROCESSOR_LEVEL:6
2018-10-01 20:30:08 [main] INFO  o.o.u.service.VESAdapterInitializer - USERDOMAIN:TECHMAHINDRA
2018-10-01 20:30:08 [main] INFO  o.o.u.service.VESAdapterInitializer - FPS_BROWSER_APP_PROFILE_STRING:Internet Explorer
2018-10-01 20:30:08 [main] INFO  o.o.u.service.VESAdapterInitializer - LOGONSERVER:\\INPUSCSVDC004
2018-10-01 20:30:08 [main] INFO  o.o.u.service.VESAdapterInitializer - JAVA_HOME:C:\Program Files\Java\jdk1.8.0_171
2018-10-01 20:30:08 [main] INFO  o.o.u.service.VESAdapterInitializer - SESSIONNAME:Console
2018-10-01 20:30:08 [main] INFO  o.o.u.service.VESAdapterInitializer - ALLUSERSPROFILE:C:\ProgramData
2018-10-01 20:30:08 [main] INFO  o.o.u.service.VESAdapterInitializer - PROCESSOR_ARCHITECTURE:AMD64
2018-10-01 20:30:08 [main] INFO  o.o.u.service.VESAdapterInitializer - PSModulePath:C:\Program Files\WindowsPowerShell\Modules;C:\WINDOWS\system32\WindowsPowerShell\v1.0\Modules
2018-10-01 20:30:08 [main] INFO  o.o.u.service.VESAdapterInitializer - SystemDrive:C:
2018-10-01 20:30:08 [main] INFO  o.o.u.service.VESAdapterInitializer - DEFLOGDIR:C:\ProgramData\McAfee\Endpoint Security\Logs
2018-10-01 20:30:08 [main] INFO  o.o.u.service.VESAdapterInitializer - MAVEN_HOME:D:\SW\apache-maven-3.3.9
2018-10-01 20:30:08 [main] INFO  o.o.u.service.VESAdapterInitializer - OneDrive:C:\Users\AS00500801\OneDrive
2018-10-01 20:30:08 [main] INFO  o.o.u.service.VESAdapterInitializer - =C::C:\
2018-10-01 20:30:08 [main] INFO  o.o.u.service.VESAdapterInitializer - APPDATA:C:\Users\AS00500801\AppData\Roaming
2018-10-01 20:30:08 [main] INFO  o.o.u.service.VESAdapterInitializer - USERNAME:AS00500801
2018-10-01 20:30:08 [main] INFO  o.o.u.service.VESAdapterInitializer - USERDNSDOMAIN:TECHMAHINDRA.COM
2018-10-01 20:30:08 [main] INFO  o.o.u.service.VESAdapterInitializer - ProgramFiles(x86):C:\Program Files (x86)
2018-10-01 20:30:08 [main] INFO  o.o.u.service.VESAdapterInitializer - VBOX_MSI_INSTALL_PATH:C:\Program Files\Oracle\VirtualBox\
2018-10-01 20:30:08 [main] INFO  o.o.u.service.VESAdapterInitializer - CommonProgramFiles:C:\Program Files\Common Files
2018-10-01 20:30:08 [main] INFO  o.o.u.service.VESAdapterInitializer - Path:C:/Program Files/Java/jre1.8.0_171/bin/server;C:/Program Files/Java/jre1.8.0_171/bin;C:/Program Files/Java/jre1.8.0_171/lib/amd64;C:\Program Files (x86)\Common Files\Oracle\Java\javapath;C:\WINDOWS\system32;C:\WINDOWS;C:\WINDOWS\System32\Wbem;C:\WINDOWS\System32\WindowsPowerShell\v1.0\;C:\WINDOWS\CCM;C:\Program Files\PuTTY\;C:\Program Files\Java\jdk1.8.0_171\bin;D:\SW\apache-maven-3.3.9\bin;D:\SW\SW_In_Installation\Git\cmd;C:\Program Files\PostgreSQL\10\bin;C:\Program Files\PostgreSQL\10\lib;C:\Users\AS00500801\AppData\Local\Microsoft\WindowsApps;;D:\SW\STS\sts-bundle\sts-3.9.3.RELEASE;
2018-10-01 20:30:08 [main] INFO  o.o.u.service.VESAdapterInitializer - FPS_BROWSER_USER_PROFILE_STRING:Default
2018-10-01 20:30:08 [main] INFO  o.o.u.service.VESAdapterInitializer - PATHEXT:.COM;.EXE;.BAT;.CMD;.VBS;.VBE;.JS;.JSE;.WSF;.WSH;.MSC
2018-10-01 20:30:08 [main] INFO  o.o.u.service.VESAdapterInitializer - NEXTHINK:C:\Program Files\Nexthink
2018-10-01 20:30:08 [main] INFO  o.o.u.service.VESAdapterInitializer - OS:Windows_NT
2018-10-01 20:30:08 [main] INFO  o.o.u.service.VESAdapterInitializer - COMPUTERNAME:INPUSCPC07276
2018-10-01 20:30:08 [main] INFO  o.o.u.service.VESAdapterInitializer - PROCESSOR_REVISION:5e03
2018-10-01 20:30:08 [main] INFO  o.o.u.service.VESAdapterInitializer - CommonProgramW6432:C:\Program Files\Common Files
2018-10-01 20:30:08 [main] INFO  o.o.u.service.VESAdapterInitializer - ComSpec:C:\WINDOWS\system32\cmd.exe
2018-10-01 20:30:08 [main] INFO  o.o.u.service.VESAdapterInitializer - UATDATA:C:\WINDOWS\CCM\UATData\D9F8C395-CAB8-491d-B8AC-179A1FE1BE77
2018-10-01 20:30:08 [main] INFO  o.o.u.service.VESAdapterInitializer - ProgramData:C:\ProgramData
2018-10-01 20:30:08 [main] INFO  o.o.u.service.VESAdapterInitializer - ProgramW6432:C:\Program Files
2018-10-01 20:30:08 [main] INFO  o.o.u.service.VESAdapterInitializer - HOMEPATH:\Users\AS00500801
2018-10-01 20:30:08 [main] INFO  o.o.u.service.VESAdapterInitializer - SystemRoot:C:\WINDOWS
2018-10-01 20:30:08 [main] INFO  o.o.u.service.VESAdapterInitializer - TEMP:C:\Users\AS0050~1\AppData\Local\Temp
2018-10-01 20:30:08 [main] INFO  o.o.u.service.VESAdapterInitializer - HOMEDRIVE:C:
2018-10-01 20:30:08 [main] INFO  o.o.u.service.VESAdapterInitializer - PROCESSOR_IDENTIFIER:Intel64 Family 6 Model 94 Stepping 3, GenuineIntel
2018-10-01 20:30:08 [main] INFO  o.o.u.service.VESAdapterInitializer - USERPROFILE:C:\Users\AS00500801
2018-10-01 20:30:08 [main] INFO  o.o.u.service.VESAdapterInitializer - TMP:C:\Users\AS0050~1\AppData\Local\Temp
2018-10-01 20:30:08 [main] INFO  o.o.u.service.VESAdapterInitializer - M2_HOME:D:\SW\apache-maven-3.3.9
2018-10-01 20:30:08 [main] INFO  o.o.u.service.VESAdapterInitializer - CommonProgramFiles(x86):C:\Program Files (x86)\Common Files
2018-10-01 20:30:08 [main] INFO  o.o.u.service.VESAdapterInitializer - ProgramFiles:C:\Program Files
2018-10-01 20:30:08 [main] INFO  o.o.u.service.VESAdapterInitializer - PUBLIC:C:\Users\Public
2018-10-01 20:30:08 [main] INFO  o.o.u.service.VESAdapterInitializer - NUMBER_OF_PROCESSORS:4
2018-10-01 20:30:08 [main] INFO  o.o.u.service.VESAdapterInitializer - windir:C:\WINDOWS
2018-10-01 20:30:08 [main] INFO  o.o.u.service.VESAdapterInitializer - =:::::\
2018-10-01 20:30:08 [main] INFO  o.o.u.service.VESAdapterInitializer - >>>Static configuration to be used
2018-10-01 20:30:08 [main] INFO  o.o.u.service.VESAdapterInitializer - The Default Mapping file Location:defaultSnmpMappingFile.xml
2018-10-01 20:30:08 [main] ERROR o.o.u.service.VESAdapterInitializer - Default mapping file defaultSnmpMappingFile.xml is missing
2018-10-01 20:30:08 [main] ERROR o.o.u.service.VESAdapterInitializer - Application stoped due to missing default mapping file
2018-10-01 20:30:08 [main] DEBUG o.o.u.adapter.UniversalEventAdapter - All Smooks objects closed
2018-10-01 20:30:45 [main] INFO  o.o.u.utils.SmooksUtils - Transforming incoming json 
2018-10-01 20:30:45 [main] INFO  o.o.u.utils.SmooksUtils - Context created
2018-10-01 20:30:45 [main] DEBUG o.o.u.utils.SmooksUtils - consversion successful to VES Event
