2018-08-02 18:07:32  o.o.u.adapter.UniversalEventAdapter   - Error Occured for :{"cambria.partition":"dcae-snmp.client.research.att.com","trap category":"UCSNMP-HEARTBEAT","community len":6,"protocol version":"v2cz8888","varbinds":[{"varbind_value":"ucsnmp heartbeat - ignore","varbind_oid":".1.3.6.1.4.1.74.2.46.12.1.1.1","varbind_type":"octet"},{"varbind_value":"Tue Jan 16 10:49:01 EST 2018","varbind_oid":".1.3.6.1.4.1.74.2.46.12.1.1.2","varbind_type":"octet"}],"notify OID":".1.3.6.1.4.1.1751dddd.2.46.12.1.1","time received":1516117741,"community":"public","epoch_serno":15161177410000,"agent address":"127.0.0.1","notify OID len":12,"agent name":"localhost"},Reason:
java.lang.NullPointerException: null
	at org.onap.universalvesadapter.adapter.UniversalEventAdapter.transform(UniversalEventAdapter.java:124)
	at org.onap.universalvesadapter.service.DMaapService.processReceivedJson(DMaapService.java:113)
	at org.onap.universalvesadapter.service.DMaapService.fetchAndPublishInDMaaP(DMaapService.java:80)
	at org.onap.universalvesadapter.service.VesService$1.run(VesService.java:100)
	at java.lang.Thread.run(Thread.java:745)
2018-08-02 19:17:43  o.o.u.adapter.UniversalEventAdapter   - Droping this trap due to Invalid Mapping file for event {"cambria.partition":"LOCALDCAE01","trapppp":"SNMP-TRAPS","community len":2,"protocol version":"v2c","varbinds":[{"varbind_value":"30653","varbind_oid":".1.3.6.1.4.1.1751.2.87.4.100.2.4.1.1.1.0","varbind_type":"unsigned"},{"varbind_value":"","varbind_oid":".1.3.6.1.4.1.1751.2.87.4.100.2.4.1.1.2.0","varbind_type":"octet"},{"varbind_value":".1.3.6.1.4.1.1751.2.87.4.100.2.2.2.1.8.1.1.0.0.18.1.0","varbind_oid":".1.3.6.1.4.1.1751.2.87.4.100.2.4.1.1.3.0","varbind_type":"oid"},{"varbind_value":"127795","varbind_oid":".1.3.6.1.4.1.1751.2.87.4.100.2.5.1.0","varbind_type":"unsigned"},{"varbind_value":"SubNetwork=ctsf0008v,ManagedElement=lcp-1,CesCabinet=0,CesShelf=0,CesSlot=18,CesCard=1,CesHost=0","varbind_oid":".1.3.6.1.4.1.1751.2.87.4.100.2.4.1.1.4.0","varbind_type":"octet"},{"varbind_value":"4","varbind_oid":".1.3.6.1.4.1.1751.2.87.4.100.2.4.1.1.5.0","varbind_type":"unsigned"},{"varbind_value":"517","varbind_oid":".1.3.6.1.4.1.1751.2.87.4.100.2.4.1.1.6.0","varbind_type":"unsigned"},{"varbind_value":"Machine=ctsf0008vm049:Resource_type=Link:LinkId=eth1:UUID=fd5e2804-5096-4705-85c0-2faa24f36c77:ethernetError","varbind_oid":".1.3.6.1.4.1.1751.2.87.4.100.2.4.1.1.7.0","varbind_type":"octet"},{"varbind_value":"6","varbind_oid":".1.3.6.1.4.1.1751.2.87.4.100.2.4.1.1.8.0","varbind_type":"unsigned"},{"varbind_value":"07 E1 0C 10 11 21 39 04 2B 00 00 ","varbind_oid":".1.3.6.1.4.1.1751.2.87.4.100.2.4.1.1.9.0","varbind_type":"octet"},{"varbind_value":"Eth port is no longer degraded, eth0 port is active","varbind_oid":".1.3.6.1.4.1.1751.2.87.4.100.2.4.1.1.10.0","varbind_type":"octet"},{"varbind_value":"LSS_ethernetError","varbind_oid":".1.3.6.1.4.1.1751.2.87.4.100.2.4.1.1.11.0","varbind_type":"octet"},{"varbind_value":"","varbind_oid":".1.3.6.1.4.1.1751.2.87.4.100.2.4.1.1.12.0","varbind_type":"octet"},{"varbind_value":"","varbind_oid":".1.3.6.1.4.1.1751.2.87.4.100.2.4.1.1.13.0","varbind_type":"octet"},{"varbind_value":"","varbind_oid":".1.3.6.1.4.1.1751.2.87.4.100.2.4.1.1.14.0","varbind_type":"octet"},{"varbind_value":"2","varbind_oid":".1.3.6.1.4.1.1751.2.87.4.100.2.4.1.1.15.0","varbind_type":"unsigned"},{"varbind_value":"135.144.3.169","varbind_oid":".1.3.6.1.6.3.18.1.3.0","varbind_type":"ipaddress"}],"notify OID":".1.3.6.1.4.1.1751.2.87.4.100.2.6.3","time received":1513445639,"community":"NA","agent address":"135.144.3.169","notify OID len":14,"epoch_serno":15134456390000,"agent name":"135.144.3.169"} with Enterprise Id:snmp \n Reason :.1.3.6.1.4.1.1751
org.xml.sax.SAXParseException: Content is not allowed in prolog.
	at org.apache.xerces.parsers.DOMParser.parse(Unknown Source)
	at org.apache.xerces.jaxp.DocumentBuilderImpl.parse(Unknown Source)
	at org.milyn.xml.XmlUtil.parseStream(XmlUtil.java:418)
	at org.milyn.xml.XmlUtil.parseStream(XmlUtil.java:398)
	at org.milyn.cdr.XMLConfigDigester.digestConfigRecursively(XMLConfigDigester.java:209)
	at org.milyn.cdr.XMLConfigDigester.digestConfig(XMLConfigDigester.java:184)
	at org.milyn.cdr.SmooksResourceConfigurationStore.registerResources(SmooksResourceConfigurationStore.java:229)
	at org.milyn.Smooks.addConfigurations(Smooks.java:340)
	at org.milyn.Smooks.addConfigurations(Smooks.java:358)
	at org.milyn.Smooks.<init>(Smooks.java:172)
	at org.onap.universalvesadapter.adapter.UniversalEventAdapter.transform(UniversalEventAdapter.java:130)
	at org.onap.universalvesadapter.service.DMaapService.processReceivedJson(DMaapService.java:113)
	at org.onap.universalvesadapter.service.DMaapService.fetchAndPublishInDMaaP(DMaapService.java:80)
	at org.onap.universalvesadapter.service.VesService$1.run(VesService.java:100)
	at java.lang.Thread.run(Thread.java:748)
2018-08-02 19:34:16  o.o.u.adapter.UniversalEventAdapter   - Droping this trap due to Invalid Mapping file for event {"cambria.partition":"LOCALDCAE01","trapppp":"SNMP-TRAPS","community len":2,"protocol version":"v2c","varbinds":[{"varbind_value":"30653","varbind_oid":".1.3.6.1.4.1.1752.2.87.4.100.2.4.1.1.1.0","varbind_type":"unsigned"},{"varbind_value":"","varbind_oid":".1.3.6.1.4.1.1751.2.87.4.100.2.4.1.1.2.0","varbind_type":"octet"},{"varbind_value":".1.3.6.1.4.1.1751.2.87.4.100.2.2.2.1.8.1.1.0.0.18.1.0","varbind_oid":".1.3.6.1.4.1.1751.2.87.4.100.2.4.1.1.3.0","varbind_type":"oid"},{"varbind_value":"127795","varbind_oid":".1.3.6.1.4.1.1751.2.87.4.100.2.5.1.0","varbind_type":"unsigned"},{"varbind_value":"SubNetwork=ctsf0008v,ManagedElement=lcp-1,CesCabinet=0,CesShelf=0,CesSlot=18,CesCard=1,CesHost=0","varbind_oid":".1.3.6.1.4.1.1751.2.87.4.100.2.4.1.1.4.0","varbind_type":"octet"},{"varbind_value":"4","varbind_oid":".1.3.6.1.4.1.1751.2.87.4.100.2.4.1.1.5.0","varbind_type":"unsigned"},{"varbind_value":"517","varbind_oid":".1.3.6.1.4.1.1751.2.87.4.100.2.4.1.1.6.0","varbind_type":"unsigned"},{"varbind_value":"Machine=ctsf0008vm049:Resource_type=Link:LinkId=eth1:UUID=fd5e2804-5096-4705-85c0-2faa24f36c77:ethernetError","varbind_oid":".1.3.6.1.4.1.1751.2.87.4.100.2.4.1.1.7.0","varbind_type":"octet"},{"varbind_value":"6","varbind_oid":".1.3.6.1.4.1.1751.2.87.4.100.2.4.1.1.8.0","varbind_type":"unsigned"},{"varbind_value":"07 E1 0C 10 11 21 39 04 2B 00 00 ","varbind_oid":".1.3.6.1.4.1.1751.2.87.4.100.2.4.1.1.9.0","varbind_type":"octet"},{"varbind_value":"Eth port is no longer degraded, eth0 port is active","varbind_oid":".1.3.6.1.4.1.1751.2.87.4.100.2.4.1.1.10.0","varbind_type":"octet"},{"varbind_value":"LSS_ethernetError","varbind_oid":".1.3.6.1.4.1.1751.2.87.4.100.2.4.1.1.11.0","varbind_type":"octet"},{"varbind_value":"","varbind_oid":".1.3.6.1.4.1.1751.2.87.4.100.2.4.1.1.12.0","varbind_type":"octet"},{"varbind_value":"","varbind_oid":".1.3.6.1.4.1.1751.2.87.4.100.2.4.1.1.13.0","varbind_type":"octet"},{"varbind_value":"","varbind_oid":".1.3.6.1.4.1.1751.2.87.4.100.2.4.1.1.14.0","varbind_type":"octet"},{"varbind_value":"2","varbind_oid":".1.3.6.1.4.1.1751.2.87.4.100.2.4.1.1.15.0","varbind_type":"unsigned"},{"varbind_value":"135.144.3.169","varbind_oid":".1.3.6.1.6.3.18.1.3.0","varbind_type":"ipaddress"}],"notify OID":".1.3.6.1.4.1.1751.2.87.4.100.2.6.3","time received":1513445639,"community":"NA","agent address":"135.144.3.169","notify OID len":14,"epoch_serno":15134456390000,"agent name":"135.144.3.169"} with Enterprise Id:snmp \n Reason :.1.3.6.1.4.1.1751
org.xml.sax.SAXParseException: Content is not allowed in prolog.
	at org.apache.xerces.parsers.DOMParser.parse(Unknown Source)
	at org.apache.xerces.jaxp.DocumentBuilderImpl.parse(Unknown Source)
	at org.milyn.xml.XmlUtil.parseStream(XmlUtil.java:418)
	at org.milyn.xml.XmlUtil.parseStream(XmlUtil.java:398)
	at org.milyn.cdr.XMLConfigDigester.digestConfigRecursively(XMLConfigDigester.java:209)
	at org.milyn.cdr.XMLConfigDigester.digestConfig(XMLConfigDigester.java:184)
	at org.milyn.cdr.SmooksResourceConfigurationStore.registerResources(SmooksResourceConfigurationStore.java:229)
	at org.milyn.Smooks.addConfigurations(Smooks.java:340)
	at org.milyn.Smooks.addConfigurations(Smooks.java:358)
	at org.milyn.Smooks.<init>(Smooks.java:172)
	at org.onap.universalvesadapter.adapter.UniversalEventAdapter.transform(UniversalEventAdapter.java:131)
	at org.onap.universalvesadapter.service.DMaapService.processReceivedJson(DMaapService.java:113)
	at org.onap.universalvesadapter.service.DMaapService.fetchAndPublishInDMaaP(DMaapService.java:80)
	at org.onap.universalvesadapter.service.VesService$1.run(VesService.java:100)
	at java.lang.Thread.run(Thread.java:748)
2018-08-02 19:34:26  o.o.u.adapter.UniversalEventAdapter   - Droping this trap due to Invalid Mapping file for event {"cambria.partition":"LOCALDCAE01","trapppp":"SNMP-TRAPS","community len":2,"protocol version":"v2c","varbinds":[{"varbind_value":"30653","varbind_oid":".1.3.6.1.4.1.1752.2.87.4.100.2.4.1.1.1.0","varbind_type":"unsigned"},{"varbind_value":"","varbind_oid":".1.3.6.1.4.1.1751.2.87.4.100.2.4.1.1.2.0","varbind_type":"octet"},{"varbind_value":".1.3.6.1.4.1.1751.2.87.4.100.2.2.2.1.8.1.1.0.0.18.1.0","varbind_oid":".1.3.6.1.4.1.1751.2.87.4.100.2.4.1.1.3.0","varbind_type":"oid"},{"varbind_value":"127795","varbind_oid":".1.3.6.1.4.1.1751.2.87.4.100.2.5.1.0","varbind_type":"unsigned"},{"varbind_value":"SubNetwork=ctsf0008v,ManagedElement=lcp-1,CesCabinet=0,CesShelf=0,CesSlot=18,CesCard=1,CesHost=0","varbind_oid":".1.3.6.1.4.1.1751.2.87.4.100.2.4.1.1.4.0","varbind_type":"octet"},{"varbind_value":"4","varbind_oid":".1.3.6.1.4.1.1751.2.87.4.100.2.4.1.1.5.0","varbind_type":"unsigned"},{"varbind_value":"517","varbind_oid":".1.3.6.1.4.1.1751.2.87.4.100.2.4.1.1.6.0","varbind_type":"unsigned"},{"varbind_value":"Machine=ctsf0008vm049:Resource_type=Link:LinkId=eth1:UUID=fd5e2804-5096-4705-85c0-2faa24f36c77:ethernetError","varbind_oid":".1.3.6.1.4.1.1751.2.87.4.100.2.4.1.1.7.0","varbind_type":"octet"},{"varbind_value":"6","varbind_oid":".1.3.6.1.4.1.1751.2.87.4.100.2.4.1.1.8.0","varbind_type":"unsigned"},{"varbind_value":"07 E1 0C 10 11 21 39 04 2B 00 00 ","varbind_oid":".1.3.6.1.4.1.1751.2.87.4.100.2.4.1.1.9.0","varbind_type":"octet"},{"varbind_value":"Eth port is no longer degraded, eth0 port is active","varbind_oid":".1.3.6.1.4.1.1751.2.87.4.100.2.4.1.1.10.0","varbind_type":"octet"},{"varbind_value":"LSS_ethernetError","varbind_oid":".1.3.6.1.4.1.1751.2.87.4.100.2.4.1.1.11.0","varbind_type":"octet"},{"varbind_value":"","varbind_oid":".1.3.6.1.4.1.1751.2.87.4.100.2.4.1.1.12.0","varbind_type":"octet"},{"varbind_value":"","varbind_oid":".1.3.6.1.4.1.1751.2.87.4.100.2.4.1.1.13.0","varbind_type":"octet"},{"varbind_value":"","varbind_oid":".1.3.6.1.4.1.1751.2.87.4.100.2.4.1.1.14.0","varbind_type":"octet"},{"varbind_value":"2","varbind_oid":".1.3.6.1.4.1.1751.2.87.4.100.2.4.1.1.15.0","varbind_type":"unsigned"},{"varbind_value":"135.144.3.169","varbind_oid":".1.3.6.1.6.3.18.1.3.0","varbind_type":"ipaddress"}],"notify OID":".1.3.6.1.4.1.1751.2.87.4.100.2.6.3","time received":1513445639,"community":"NA","agent address":"135.144.3.169","notify OID len":14,"epoch_serno":15134456390000,"agent name":"135.144.3.169"} with Enterprise Id:snmp \n Reason :.1.3.6.1.4.1.1751
org.xml.sax.SAXParseException: Content is not allowed in prolog.
	at org.apache.xerces.parsers.DOMParser.parse(Unknown Source)
	at org.apache.xerces.jaxp.DocumentBuilderImpl.parse(Unknown Source)
	at org.milyn.xml.XmlUtil.parseStream(XmlUtil.java:418)
	at org.milyn.xml.XmlUtil.parseStream(XmlUtil.java:398)
	at org.milyn.cdr.XMLConfigDigester.digestConfigRecursively(XMLConfigDigester.java:209)
	at org.milyn.cdr.XMLConfigDigester.digestConfig(XMLConfigDigester.java:184)
	at org.milyn.cdr.SmooksResourceConfigurationStore.registerResources(SmooksResourceConfigurationStore.java:229)
	at org.milyn.Smooks.addConfigurations(Smooks.java:340)
	at org.milyn.Smooks.addConfigurations(Smooks.java:358)
	at org.milyn.Smooks.<init>(Smooks.java:172)
	at org.onap.universalvesadapter.adapter.UniversalEventAdapter.transform(UniversalEventAdapter.java:131)
	at org.onap.universalvesadapter.service.DMaapService.processReceivedJson(DMaapService.java:113)
	at org.onap.universalvesadapter.service.DMaapService.fetchAndPublishInDMaaP(DMaapService.java:80)
	at org.onap.universalvesadapter.service.VesService$1.run(VesService.java:100)
	at java.lang.Thread.run(Thread.java:748)
2018-08-02 19:36:40  o.o.u.adapter.UniversalEventAdapter   - Droping this trap due to Invalid Mapping file for event {"cambria.partition":"LOCALDCAE01","trapppp":"SNMP-TRAPS","community len":2,"protocol version":"v2c","varbinds":[{"varbind_value":"30653","varbind_oid":".1.3.6.1.4.1.1752.2.87.4.100.2.4.1.1.1.0","varbind_type":"unsigned"},{"varbind_value":"","varbind_oid":".1.3.6.1.4.1.1751.2.87.4.100.2.4.1.1.2.0","varbind_type":"octet"},{"varbind_value":".1.3.6.1.4.1.1751.2.87.4.100.2.2.2.1.8.1.1.0.0.18.1.0","varbind_oid":".1.3.6.1.4.1.1751.2.87.4.100.2.4.1.1.3.0","varbind_type":"oid"},{"varbind_value":"127795","varbind_oid":".1.3.6.1.4.1.1751.2.87.4.100.2.5.1.0","varbind_type":"unsigned"},{"varbind_value":"SubNetwork=ctsf0008v,ManagedElement=lcp-1,CesCabinet=0,CesShelf=0,CesSlot=18,CesCard=1,CesHost=0","varbind_oid":".1.3.6.1.4.1.1751.2.87.4.100.2.4.1.1.4.0","varbind_type":"octet"},{"varbind_value":"4","varbind_oid":".1.3.6.1.4.1.1751.2.87.4.100.2.4.1.1.5.0","varbind_type":"unsigned"},{"varbind_value":"517","varbind_oid":".1.3.6.1.4.1.1751.2.87.4.100.2.4.1.1.6.0","varbind_type":"unsigned"},{"varbind_value":"Machine=ctsf0008vm049:Resource_type=Link:LinkId=eth1:UUID=fd5e2804-5096-4705-85c0-2faa24f36c77:ethernetError","varbind_oid":".1.3.6.1.4.1.1751.2.87.4.100.2.4.1.1.7.0","varbind_type":"octet"},{"varbind_value":"6","varbind_oid":".1.3.6.1.4.1.1751.2.87.4.100.2.4.1.1.8.0","varbind_type":"unsigned"},{"varbind_value":"07 E1 0C 10 11 21 39 04 2B 00 00 ","varbind_oid":".1.3.6.1.4.1.1751.2.87.4.100.2.4.1.1.9.0","varbind_type":"octet"},{"varbind_value":"Eth port is no longer degraded, eth0 port is active","varbind_oid":".1.3.6.1.4.1.1751.2.87.4.100.2.4.1.1.10.0","varbind_type":"octet"},{"varbind_value":"LSS_ethernetError","varbind_oid":".1.3.6.1.4.1.1751.2.87.4.100.2.4.1.1.11.0","varbind_type":"octet"},{"varbind_value":"","varbind_oid":".1.3.6.1.4.1.1751.2.87.4.100.2.4.1.1.12.0","varbind_type":"octet"},{"varbind_value":"","varbind_oid":".1.3.6.1.4.1.1751.2.87.4.100.2.4.1.1.13.0","varbind_type":"octet"},{"varbind_value":"","varbind_oid":".1.3.6.1.4.1.1751.2.87.4.100.2.4.1.1.14.0","varbind_type":"octet"},{"varbind_value":"2","varbind_oid":".1.3.6.1.4.1.1751.2.87.4.100.2.4.1.1.15.0","varbind_type":"unsigned"},{"varbind_value":"135.144.3.169","varbind_oid":".1.3.6.1.6.3.18.1.3.0","varbind_type":"ipaddress"}],"notify OID":".1.3.6.1.4.1.1751.2.87.4.100.2.6.3","time received":1513445639,"community":"NA","agent address":"135.144.3.169","notify OID len":14,"epoch_serno":15134456390000,"agent name":"135.144.3.169"} with Enterprise Id:snmp \n Reason :.1.3.6.1.4.1.1751
org.xml.sax.SAXParseException: Content is not allowed in prolog.
	at org.apache.xerces.parsers.DOMParser.parse(Unknown Source)
	at org.apache.xerces.jaxp.DocumentBuilderImpl.parse(Unknown Source)
	at org.milyn.xml.XmlUtil.parseStream(XmlUtil.java:418)
	at org.milyn.xml.XmlUtil.parseStream(XmlUtil.java:398)
	at org.milyn.cdr.XMLConfigDigester.digestConfigRecursively(XMLConfigDigester.java:209)
	at org.milyn.cdr.XMLConfigDigester.digestConfig(XMLConfigDigester.java:184)
	at org.milyn.cdr.SmooksResourceConfigurationStore.registerResources(SmooksResourceConfigurationStore.java:229)
	at org.milyn.Smooks.addConfigurations(Smooks.java:340)
	at org.milyn.Smooks.addConfigurations(Smooks.java:358)
	at org.milyn.Smooks.<init>(Smooks.java:172)
	at org.onap.universalvesadapter.adapter.UniversalEventAdapter.transform(UniversalEventAdapter.java:131)
	at org.onap.universalvesadapter.service.DMaapService.processReceivedJson(DMaapService.java:113)
	at org.onap.universalvesadapter.service.DMaapService.fetchAndPublishInDMaaP(DMaapService.java:80)
	at org.onap.universalvesadapter.service.VesService$1.run(VesService.java:100)
	at java.lang.Thread.run(Thread.java:748)
